VirtualBox VM 5.0.6 r103037 win.amd64 (Oct  2 2015 13:35:19) release log
00:00:06.900506 Log opened 2016-02-24T15:09:39.854029800Z
00:00:06.900508 Build Type: release
00:00:06.900510 OS Product: Windows 10
00:00:06.900512 OS Release: 10.0.10586
00:00:06.900512 OS Service Pack: 
00:00:07.517989 DMI Product Name: Aspire E5-571G
00:00:07.522568 DMI Product Version: V1.26
00:00:07.522579 Host RAM: 4010MB total, 1679MB available
00:00:07.522582 Executable: C:\Program Files\Oracle\VirtualBox\VirtualBox.exe
00:00:07.522583 Process ID: 10548
00:00:07.522584 Package type: WINDOWS_64BITS_GENERIC
00:00:07.530360 Installed Extension Packs:
00:00:07.530436   None installed!
00:00:07.534280 Console: Machine state changed to 'Starting'
00:00:07.537140 GUI: UIMediumEnumerator: Medium-enumeration finished!
00:00:07.998550 SUP: Loaded VMMR0.r0 (C:\Program Files\Oracle\VirtualBox\VMMR0.r0) at 0xfffff801e5640000 - ModuleInit at fffff801e5661990 and ModuleTerm at fffff801e5661e80 using the native ring-0 loader
00:00:07.998579 SUP: VMMR0EntryEx located at fffff801e56648b0 and VMMR0EntryFast at fffff801e56625c0
00:00:07.998584 SUP: windbg> .reload /f C:\Program Files\Oracle\VirtualBox\VMMR0.r0=0xfffff801e5640000
00:00:08.002991 Guest OS type: 'Other_64'
00:00:08.005664 Installed Drivers:
00:00:08.122193   C:\WINDOWS\system32\DRIVERS\VBoxNetLwf.sys (Version: 5.0.6.3037)
00:00:08.193985   C:\WINDOWS\system32\DRIVERS\VBoxUSBMon.sys (Version: 5.0.6.3037)
00:00:08.312046   C:\WINDOWS\system32\DRIVERS\VBoxDrv.sys (Version: 5.0.6.3037)
00:00:08.314516 fHMForced=true - 64-bit guest
00:00:08.333161 File system of 'C:\Users\Miguel\VirtualBox VMs\Minix\Snapshots' (snapshots) is unknown
00:00:08.333177 File system of 'C:\Users\Miguel\Documents\Uni\2o\ESO\minix2.0.0-corto-1516.vdi' is ntfs
00:00:08.338489 File system of 'C:\Users\Miguel\Documents\Uni\2o\ESO\kernel-basico-2.0.0.img' (Floppy) is ntfs
00:00:10.071161 Shared clipboard service loaded
00:00:10.071179 Shared clipboard mode: Off
00:00:10.107833 Drag and drop service loaded
00:00:10.107847 Drag and drop mode: Off
00:00:10.218297 Guest Control service loaded
00:00:10.219605 ************************* CFGM dump *************************
00:00:10.219610 [/] (level 0)
00:00:10.219614   CSAMEnabled       <integer> = 0x0000000000000001 (1)
00:00:10.219616   CpuExecutionCap   <integer> = 0x0000000000000064 (100)
00:00:10.219617   EnablePAE         <integer> = 0x0000000000000001 (1)
00:00:10.219619   HMEnabled         <integer> = 0x0000000000000001 (1)
00:00:10.219620   MemBalloonSize    <integer> = 0x0000000000000000 (0)
00:00:10.219621   Name              <string>  = "Minix" (cb=6)
00:00:10.219622   NumCPUs           <integer> = 0x0000000000000001 (1)
00:00:10.219623   PATMEnabled       <integer> = 0x0000000000000001 (1)
00:00:10.219624   PageFusionAllowed <integer> = 0x0000000000000000 (0)
00:00:10.219625   RamHoleSize       <integer> = 0x0000000020000000 (536 870 912, 512 MB)
00:00:10.219627   RamSize           <integer> = 0x0000000004000000 (67 108 864, 64 MB)
00:00:10.219629   RawR0Enabled      <integer> = 0x0000000000000001 (1)
00:00:10.219630   RawR3Enabled      <integer> = 0x0000000000000001 (1)
00:00:10.219631   TimerMillies      <integer> = 0x000000000000000a (10)
00:00:10.219632   UUID              <bytes>   = "69 15 5e 9d 36 da 08 40 bc bb f7 bb 58 33 ae b3" (cb=16)
00:00:10.219636 
00:00:10.219636 [/CPUM/] (level 1)
00:00:10.219637   PortableCpuIdLevel <integer> = 0x0000000000000000 (0)
00:00:10.219639 
00:00:10.219639 [/DBGF/] (level 1)
00:00:10.219640   Path <string>  = "C:\Users\Miguel\VirtualBox VMs\Minix/debug/;C:\Users\Miguel\VirtualBox VMs\Minix/;C:\Users\Miguel/" (cb=99)
00:00:10.219641 
00:00:10.219641 [/Devices/] (level 1)
00:00:10.219642 
00:00:10.219643 [/Devices/8237A/] (level 2)
00:00:10.219644 
00:00:10.219644 [/Devices/8237A/0/] (level 3)
00:00:10.219646   Trusted <integer> = 0x0000000000000001 (1)
00:00:10.219647 
00:00:10.219647 [/Devices/VMMDev/] (level 2)
00:00:10.219648 
00:00:10.219648 [/Devices/VMMDev/0/] (level 3)
00:00:10.219650   PCIBusNo      <integer> = 0x0000000000000000 (0)
00:00:10.219651   PCIDeviceNo   <integer> = 0x0000000000000004 (4)
00:00:10.219652   PCIFunctionNo <integer> = 0x0000000000000000 (0)
00:00:10.219653   Trusted       <integer> = 0x0000000000000001 (1)
00:00:10.219654 
00:00:10.219654 [/Devices/VMMDev/0/Config/] (level 4)
00:00:10.219655   GuestCoreDumpDir <string>  = "C:\Users\Miguel\VirtualBox VMs\Minix\Snapshots" (cb=47)
00:00:10.219657   RamSize          <integer> = 0x0000000004000000 (67 108 864, 64 MB)
00:00:10.219658 
00:00:10.219659 [/Devices/VMMDev/0/LUN#0/] (level 4)
00:00:10.219660   Driver <string>  = "HGCM" (cb=5)
00:00:10.219661 
00:00:10.219661 [/Devices/VMMDev/0/LUN#0/Config/] (level 5)
00:00:10.219663   Object <integer> = 0x000000000548c920 (88 656 160)
00:00:10.219664 
00:00:10.219664 [/Devices/VMMDev/0/LUN#999/] (level 4)
00:00:10.219666   Driver <string>  = "MainStatus" (cb=11)
00:00:10.219667 
00:00:10.219667 [/Devices/VMMDev/0/LUN#999/Config/] (level 5)
00:00:10.219668   First   <integer> = 0x0000000000000000 (0)
00:00:10.219669   Last    <integer> = 0x0000000000000000 (0)
00:00:10.219670   papLeds <integer> = 0x00000000052ebc80 (86 948 992)
00:00:10.219671 
00:00:10.219672 [/Devices/acpi/] (level 2)
00:00:10.219673 
00:00:10.219673 [/Devices/acpi/0/] (level 3)
00:00:10.219674   PCIBusNo      <integer> = 0x0000000000000000 (0)
00:00:10.219675   PCIDeviceNo   <integer> = 0x0000000000000007 (7)
00:00:10.219676   PCIFunctionNo <integer> = 0x0000000000000000 (0)
00:00:10.219677   Trusted       <integer> = 0x0000000000000001 (1)
00:00:10.219678 
00:00:10.219678 [/Devices/acpi/0/Config/] (level 4)
00:00:10.219680   CpuHotPlug          <integer> = 0x0000000000000000 (0)
00:00:10.219681   FdcEnabled          <integer> = 0x0000000000000001 (1)
00:00:10.219682   HostBusPciAddress   <integer> = 0x0000000000000000 (0)
00:00:10.219683   HpetEnabled         <integer> = 0x0000000000000000 (0)
00:00:10.219684   IOAPIC              <integer> = 0x0000000000000001 (1)
00:00:10.219685   IocPciAddress       <integer> = 0x0000000000010000 (65 536)
00:00:10.219686   NumCPUs             <integer> = 0x0000000000000001 (1)
00:00:10.219687   Parallel0IoPortBase <integer> = 0x0000000000000000 (0)
00:00:10.219688   Parallel0Irq        <integer> = 0x0000000000000000 (0)
00:00:10.219689   Parallel1IoPortBase <integer> = 0x0000000000000000 (0)
00:00:10.219690   Parallel1Irq        <integer> = 0x0000000000000000 (0)
00:00:10.219691   RamHoleSize         <integer> = 0x0000000020000000 (536 870 912, 512 MB)
00:00:10.219693   RamSize             <integer> = 0x0000000004000000 (67 108 864, 64 MB)
00:00:10.219695   Serial0IoPortBase   <integer> = 0x0000000000000000 (0)
00:00:10.219695   Serial0Irq          <integer> = 0x0000000000000000 (0)
00:00:10.219696   Serial1IoPortBase   <integer> = 0x0000000000000000 (0)
00:00:10.219697   Serial1Irq          <integer> = 0x0000000000000000 (0)
00:00:10.219698   ShowCpu             <integer> = 0x0000000000000001 (1)
00:00:10.219699   ShowRtc             <integer> = 0x0000000000000000 (0)
00:00:10.219700   SmcEnabled          <integer> = 0x0000000000000000 (0)
00:00:10.219701 
00:00:10.219701 [/Devices/acpi/0/LUN#0/] (level 4)
00:00:10.219703   Driver <string>  = "ACPIHost" (cb=9)
00:00:10.219703 
00:00:10.219704 [/Devices/acpi/0/LUN#0/Config/] (level 5)
00:00:10.219705 
00:00:10.219705 [/Devices/apic/] (level 2)
00:00:10.219706 
00:00:10.219707 [/Devices/apic/0/] (level 3)
00:00:10.219708   Trusted <integer> = 0x0000000000000001 (1)
00:00:10.219709 
00:00:10.219709 [/Devices/apic/0/Config/] (level 4)
00:00:10.219710   IOAPIC  <integer> = 0x0000000000000001 (1)
00:00:10.219711   NumCPUs <integer> = 0x0000000000000001 (1)
00:00:10.219712 
00:00:10.219712 [/Devices/e1000/] (level 2)
00:00:10.219713 
00:00:10.219714 [/Devices/i82078/] (level 2)
00:00:10.219715 
00:00:10.219715 [/Devices/i82078/0/] (level 3)
00:00:10.219716   Trusted <integer> = 0x0000000000000001 (1)
00:00:10.219717 
00:00:10.219718 [/Devices/i82078/0/Config/] (level 4)
00:00:10.219719   DMA       <integer> = 0x0000000000000002 (2)
00:00:10.219720   IOBase    <integer> = 0x00000000000003f0 (1 008)
00:00:10.219721   IRQ       <integer> = 0x0000000000000006 (6)
00:00:10.219722   MemMapped <integer> = 0x0000000000000000 (0)
00:00:10.219723 
00:00:10.219723 [/Devices/i82078/0/LUN#0/] (level 4)
00:00:10.219725   Driver <string>  = "Block" (cb=6)
00:00:10.219725 
00:00:10.219726 [/Devices/i82078/0/LUN#0/AttachedDriver/] (level 5)
00:00:10.219727   Driver <string>  = "VD" (cb=3)
00:00:10.219728 
00:00:10.219728 [/Devices/i82078/0/LUN#0/AttachedDriver/Config/] (level 6)
00:00:10.219730   Format        <string>  = "RAW" (cb=4)
00:00:10.219731   MaybeReadOnly <integer> = 0x0000000000000001 (1)
00:00:10.219732   Path          <string>  = "C:\Users\Miguel\Documents\Uni\2o\ESO\kernel-basico-2.0.0.img" (cb=61)
00:00:10.219733   Type          <string>  = "Floppy" (cb=7)
00:00:10.219734 
00:00:10.219734 [/Devices/i82078/0/LUN#0/Config/] (level 5)
00:00:10.219735   Mountable <integer> = 0x0000000000000001 (1)
00:00:10.219736   Type      <string>  = "Floppy 1.44" (cb=12)
00:00:10.219738 
00:00:10.219738 [/Devices/i82078/0/LUN#999/] (level 4)
00:00:10.219739   Driver <string>  = "MainStatus" (cb=11)
00:00:10.219740 
00:00:10.219741 [/Devices/i82078/0/LUN#999/Config/] (level 5)
00:00:10.219742   DeviceInstance        <string>  = "i82078/0" (cb=9)
00:00:10.219743   First                 <integer> = 0x0000000000000000 (0)
00:00:10.219744   Last                  <integer> = 0x0000000000000001 (1)
00:00:10.219745   pConsole              <integer> = 0x00000000052eb600 (86 947 328)
00:00:10.219747   papLeds               <integer> = 0x00000000052eb940 (86 948 160)
00:00:10.219748   pmapMediumAttachments <integer> = 0x00000000052ebca0 (86 949 024)
00:00:10.219750 
00:00:10.219750 [/Devices/i8254/] (level 2)
00:00:10.219751 
00:00:10.219751 [/Devices/i8254/0/] (level 3)
00:00:10.219752 
00:00:10.219753 [/Devices/i8254/0/Config/] (level 4)
00:00:10.219754 
00:00:10.219754 [/Devices/i8259/] (level 2)
00:00:10.219755 
00:00:10.219755 [/Devices/i8259/0/] (level 3)
00:00:10.219757   Trusted <integer> = 0x0000000000000001 (1)
00:00:10.219757 
00:00:10.219758 [/Devices/i8259/0/Config/] (level 4)
00:00:10.219759 
00:00:10.219759 [/Devices/ichac97/] (level 2)
00:00:10.219760 
00:00:10.219760 [/Devices/ichac97/0/] (level 3)
00:00:10.219762   PCIBusNo      <integer> = 0x0000000000000000 (0)
00:00:10.219763   PCIDeviceNo   <integer> = 0x0000000000000005 (5)
00:00:10.219764   PCIFunctionNo <integer> = 0x0000000000000000 (0)
00:00:10.219764   Trusted       <integer> = 0x0000000000000001 (1)
00:00:10.219765 
00:00:10.219766 [/Devices/ichac97/0/AudioConfig/] (level 4)
00:00:10.219767 
00:00:10.219767 [/Devices/ichac97/0/Config/] (level 4)
00:00:10.219768   Codec <string>  = "STAC9700" (cb=9)
00:00:10.219769 
00:00:10.219770 [/Devices/ichac97/0/LUN#0/] (level 4)
00:00:10.219771   Driver <string>  = "AUDIO" (cb=6)
00:00:10.219771 
00:00:10.219772 [/Devices/ichac97/0/LUN#0/AttachedDriver/] (level 5)
00:00:10.219773   Driver <string>  = "DSoundAudio" (cb=12)
00:00:10.219774 
00:00:10.219774 [/Devices/ichac97/0/LUN#0/AttachedDriver/Config/] (level 6)
00:00:10.219776   StreamName <string>  = "Minix" (cb=6)
00:00:10.219777 
00:00:10.219777 [/Devices/ichac97/0/LUN#0/Config/] (level 5)
00:00:10.219778 
00:00:10.219779 [/Devices/ichac97/0/LUN#1/] (level 4)
00:00:10.219780   Driver <string>  = "AUDIO" (cb=6)
00:00:10.219780 
00:00:10.219781 [/Devices/ichac97/0/LUN#1/AttachedDriver/] (level 5)
00:00:10.219782   Driver <string>  = "AudioVRDE" (cb=10)
00:00:10.219783 
00:00:10.219783 [/Devices/ichac97/0/LUN#1/AttachedDriver/Config/] (level 6)
00:00:10.219785   AudioDriver      <string>  = "AudioVRDE" (cb=10)
00:00:10.219786   Object           <integer> = 0x00000000052ef940 (86 964 544)
00:00:10.219787   ObjectVRDPServer <integer> = 0x0000000001ae3cb0 (28 196 016)
00:00:10.219788   StreamName       <string>  = "Minix" (cb=6)
00:00:10.219789 
00:00:10.219789 [/Devices/ioapic/] (level 2)
00:00:10.219790 
00:00:10.219791 [/Devices/ioapic/0/] (level 3)
00:00:10.219792   Trusted <integer> = 0x0000000000000001 (1)
00:00:10.219792 
00:00:10.219793 [/Devices/ioapic/0/Config/] (level 4)
00:00:10.219794   NumCPUs <integer> = 0x0000000000000001 (1)
00:00:10.219795 
00:00:10.219795 [/Devices/mc146818/] (level 2)
00:00:10.219796 
00:00:10.219796 [/Devices/mc146818/0/] (level 3)
00:00:10.219798 
00:00:10.219798 [/Devices/mc146818/0/Config/] (level 4)
00:00:10.219799   UseUTC <integer> = 0x0000000000000000 (0)
00:00:10.219800 
00:00:10.219800 [/Devices/parallel/] (level 2)
00:00:10.219801 
00:00:10.219802 [/Devices/pcarch/] (level 2)
00:00:10.219803 
00:00:10.219803 [/Devices/pcarch/0/] (level 3)
00:00:10.219804   Trusted <integer> = 0x0000000000000001 (1)
00:00:10.219805 
00:00:10.219805 [/Devices/pcarch/0/Config/] (level 4)
00:00:10.219806 
00:00:10.219807 [/Devices/pcbios/] (level 2)
00:00:10.219807 
00:00:10.219808 [/Devices/pcbios/0/] (level 3)
00:00:10.219809   Trusted <integer> = 0x0000000000000001 (1)
00:00:10.219810 
00:00:10.219810 [/Devices/pcbios/0/Config/] (level 4)
00:00:10.219812   BootDevice0    <string>  = "IDE" (cb=4)
00:00:10.219812   BootDevice1    <string>  = "FLOPPY" (cb=7)
00:00:10.219813   BootDevice2    <string>  = "NONE" (cb=5)
00:00:10.219814   BootDevice3    <string>  = "NONE" (cb=5)
00:00:10.219815   FloppyDevice   <string>  = "i82078" (cb=7)
00:00:10.219816   HardDiskDevice <string>  = "piix3ide" (cb=9)
00:00:10.219817   IOAPIC         <integer> = 0x0000000000000001 (1)
00:00:10.219818   McfgBase       <integer> = 0x0000000000000000 (0)
00:00:10.219819   McfgLength     <integer> = 0x0000000000000000 (0)
00:00:10.219820   NumCPUs        <integer> = 0x0000000000000001 (1)
00:00:10.219820   PXEDebug       <integer> = 0x0000000000000000 (0)
00:00:10.219821   RamHoleSize    <integer> = 0x0000000020000000 (536 870 912, 512 MB)
00:00:10.219823   RamSize        <integer> = 0x0000000004000000 (67 108 864, 64 MB)
00:00:10.219825   UUID           <bytes>   = "69 15 5e 9d 36 da 08 40 bc bb f7 bb 58 33 ae b3" (cb=16)
00:00:10.219827 
00:00:10.219828 [/Devices/pcbios/0/Config/NetBoot/] (level 5)
00:00:10.219829 
00:00:10.219829 [/Devices/pcbios/0/Config/NetBoot/0/] (level 6)
00:00:10.219831   NIC           <integer> = 0x0000000000000000 (0)
00:00:10.219832   PCIBusNo      <integer> = 0x0000000000000000 (0)
00:00:10.219833   PCIDeviceNo   <integer> = 0x0000000000000003 (3)
00:00:10.219834   PCIFunctionNo <integer> = 0x0000000000000000 (0)
00:00:10.219834 
00:00:10.219835 [/Devices/pci/] (level 2)
00:00:10.219836 
00:00:10.219836 [/Devices/pci/0/] (level 3)
00:00:10.219837   Trusted <integer> = 0x0000000000000001 (1)
00:00:10.219838 
00:00:10.219838 [/Devices/pci/0/Config/] (level 4)
00:00:10.219840   IOAPIC <integer> = 0x0000000000000001 (1)
00:00:10.219840 
00:00:10.219841 [/Devices/pckbd/] (level 2)
00:00:10.219842 
00:00:10.219842 [/Devices/pckbd/0/] (level 3)
00:00:10.219843   Trusted <integer> = 0x0000000000000001 (1)
00:00:10.219844 
00:00:10.219844 [/Devices/pckbd/0/Config/] (level 4)
00:00:10.219845 
00:00:10.219846 [/Devices/pckbd/0/LUN#0/] (level 4)
00:00:10.219847   Driver <string>  = "KeyboardQueue" (cb=14)
00:00:10.219848 
00:00:10.219848 [/Devices/pckbd/0/LUN#0/AttachedDriver/] (level 5)
00:00:10.219850   Driver <string>  = "MainKeyboard" (cb=13)
00:00:10.219851 
00:00:10.219851 [/Devices/pckbd/0/LUN#0/AttachedDriver/Config/] (level 6)
00:00:10.219852   Object <integer> = 0x0000000001a27e40 (27 426 368)
00:00:10.219854 
00:00:10.219854 [/Devices/pckbd/0/LUN#0/Config/] (level 5)
00:00:10.219855   QueueSize <integer> = 0x0000000000000040 (64)
00:00:10.219856 
00:00:10.219857 [/Devices/pckbd/0/LUN#1/] (level 4)
00:00:10.219858   Driver <string>  = "MouseQueue" (cb=11)
00:00:10.219859 
00:00:10.219859 [/Devices/pckbd/0/LUN#1/AttachedDriver/] (level 5)
00:00:10.219860   Driver <string>  = "MainMouse" (cb=10)
00:00:10.219861 
00:00:10.219862 [/Devices/pckbd/0/LUN#1/AttachedDriver/Config/] (level 6)
00:00:10.219863   Object <integer> = 0x00000000052f37e0 (86 980 576)
00:00:10.219864 
00:00:10.219864 [/Devices/pckbd/0/LUN#1/Config/] (level 5)
00:00:10.219866   QueueSize <integer> = 0x0000000000000080 (128)
00:00:10.219867 
00:00:10.219867 [/Devices/pcnet/] (level 2)
00:00:10.219868 
00:00:10.219868 [/Devices/pcnet/0/] (level 3)
00:00:10.219870   PCIBusNo      <integer> = 0x0000000000000000 (0)
00:00:10.219871   PCIDeviceNo   <integer> = 0x0000000000000003 (3)
00:00:10.219871   PCIFunctionNo <integer> = 0x0000000000000000 (0)
00:00:10.219872   Trusted       <integer> = 0x0000000000000001 (1)
00:00:10.219873 
00:00:10.219874 [/Devices/pcnet/0/Config/] (level 4)
00:00:10.219875   Am79C973       <integer> = 0x0000000000000001 (1)
00:00:10.219876   CableConnected <integer> = 0x0000000000000001 (1)
00:00:10.219877   LineSpeed      <integer> = 0x0000000000000000 (0)
00:00:10.219878   MAC            <bytes>   = "08 00 27 c8 6b 5e" (cb=6)
00:00:10.219879 
00:00:10.219880 [/Devices/pcnet/0/LUN#0/] (level 4)
00:00:10.219881   Driver <string>  = "NAT" (cb=4)
00:00:10.219882 
00:00:10.219882 [/Devices/pcnet/0/LUN#0/Config/] (level 5)
00:00:10.219884   AliasMode       <integer> = 0x0000000000000000 (0)
00:00:10.219885   BootFile        <string>  = "Minix.pxe" (cb=10)
00:00:10.219886   DNSProxy        <integer> = 0x0000000000000000 (0)
00:00:10.219887   Network         <string>  = "10.0.2.0/24" (cb=12)
00:00:10.219888   PassDomain      <integer> = 0x0000000000000001 (1)
00:00:10.219889   TFTPPrefix      <string>  = "C:\Users\Miguel/.VirtualBox\TFTP" (cb=33)
00:00:10.219890   UseHostResolver <integer> = 0x0000000000000000 (0)
00:00:10.219891 
00:00:10.219891 [/Devices/pcnet/0/LUN#999/] (level 4)
00:00:10.219892   Driver <string>  = "MainStatus" (cb=11)
00:00:10.219893 
00:00:10.219893 [/Devices/pcnet/0/LUN#999/Config/] (level 5)
00:00:10.219895   First   <integer> = 0x0000000000000000 (0)
00:00:10.219895   Last    <integer> = 0x0000000000000000 (0)
00:00:10.219896   papLeds <integer> = 0x00000000052ebb60 (86 948 704)
00:00:10.219897 
00:00:10.219898 [/Devices/piix3ide/] (level 2)
00:00:10.219899 
00:00:10.219899 [/Devices/piix3ide/0/] (level 3)
00:00:10.219901   PCIBusNo      <integer> = 0x0000000000000000 (0)
00:00:10.219901   PCIDeviceNo   <integer> = 0x0000000000000001 (1)
00:00:10.219902   PCIFunctionNo <integer> = 0x0000000000000001 (1)
00:00:10.219903   Trusted       <integer> = 0x0000000000000001 (1)
00:00:10.219904 
00:00:10.219904 [/Devices/piix3ide/0/Config/] (level 4)
00:00:10.219906   Type <string>  = "PIIX4" (cb=6)
00:00:10.219906 
00:00:10.219907 [/Devices/piix3ide/0/Config/PrimaryMaster/] (level 5)
00:00:10.219908   NonRotationalMedium <integer> = 0x0000000000000000 (0)
00:00:10.219909 
00:00:10.219909 [/Devices/piix3ide/0/Config/SecondaryMaster/] (level 5)
00:00:10.219911   NonRotationalMedium <integer> = 0x0000000000000000 (0)
00:00:10.219912 
00:00:10.219912 [/Devices/piix3ide/0/LUN#0/] (level 4)
00:00:10.219913   Driver <string>  = "Block" (cb=6)
00:00:10.219914 
00:00:10.219915 [/Devices/piix3ide/0/LUN#0/AttachedDriver/] (level 5)
00:00:10.219916   Driver <string>  = "VD" (cb=3)
00:00:10.219917 
00:00:10.219917 [/Devices/piix3ide/0/LUN#0/AttachedDriver/Config/] (level 6)
00:00:10.219919   Format <string>  = "VDI" (cb=4)
00:00:10.219919   Path   <string>  = "C:\Users\Miguel\Documents\Uni\2o\ESO\minix2.0.0-corto-1516.vdi" (cb=63)
00:00:10.219920   Type   <string>  = "HardDisk" (cb=9)
00:00:10.219921 
00:00:10.219921 [/Devices/piix3ide/0/LUN#0/Config/] (level 5)
00:00:10.219923   Mountable <integer> = 0x0000000000000000 (0)
00:00:10.219924   Type      <string>  = "HardDisk" (cb=9)
00:00:10.219924 
00:00:10.219925 [/Devices/piix3ide/0/LUN#2/] (level 4)
00:00:10.219926   Driver <string>  = "Block" (cb=6)
00:00:10.219927 
00:00:10.219927 [/Devices/piix3ide/0/LUN#2/Config/] (level 5)
00:00:10.219928   Mountable <integer> = 0x0000000000000001 (1)
00:00:10.219929   Type      <string>  = "DVD" (cb=4)
00:00:10.219930 
00:00:10.219930 [/Devices/piix3ide/0/LUN#999/] (level 4)
00:00:10.219931   Driver <string>  = "MainStatus" (cb=11)
00:00:10.219932 
00:00:10.219932 [/Devices/piix3ide/0/LUN#999/Config/] (level 5)
00:00:10.219934   DeviceInstance        <string>  = "piix3ide/0" (cb=11)
00:00:10.219935   First                 <integer> = 0x0000000000000000 (0)
00:00:10.219936   Last                  <integer> = 0x0000000000000003 (3)
00:00:10.219937   pConsole              <integer> = 0x00000000052eb600 (86 947 328)
00:00:10.219938   papLeds               <integer> = 0x00000000052eb950 (86 948 176)
00:00:10.219939   pmapMediumAttachments <integer> = 0x00000000052ebca0 (86 949 024)
00:00:10.219941 
00:00:10.219941 [/Devices/serial/] (level 2)
00:00:10.219942 
00:00:10.219942 [/Devices/usb-ohci/] (level 2)
00:00:10.219943 
00:00:10.219944 [/Devices/usb-ohci/0/] (level 3)
00:00:10.219945   PCIBusNo      <integer> = 0x0000000000000000 (0)
00:00:10.219946   PCIDeviceNo   <integer> = 0x0000000000000006 (6)
00:00:10.219947   PCIFunctionNo <integer> = 0x0000000000000000 (0)
00:00:10.219948   Trusted       <integer> = 0x0000000000000001 (1)
00:00:10.219948 
00:00:10.219949 [/Devices/usb-ohci/0/Config/] (level 4)
00:00:10.219950 
00:00:10.219950 [/Devices/usb-ohci/0/LUN#0/] (level 4)
00:00:10.219952   Driver <string>  = "VUSBRootHub" (cb=12)
00:00:10.219952 
00:00:10.219953 [/Devices/usb-ohci/0/LUN#0/Config/] (level 5)
00:00:10.219954 
00:00:10.219954 [/Devices/usb-ohci/0/LUN#999/] (level 4)
00:00:10.219955   Driver <string>  = "MainStatus" (cb=11)
00:00:10.219956 
00:00:10.219957 [/Devices/usb-ohci/0/LUN#999/Config/] (level 5)
00:00:10.219958   First   <integer> = 0x0000000000000000 (0)
00:00:10.219959   Last    <integer> = 0x0000000000000000 (0)
00:00:10.219960   papLeds <integer> = 0x00000000052ebc88 (86 949 000)
00:00:10.219961 
00:00:10.219961 [/Devices/vga/] (level 2)
00:00:10.219962 
00:00:10.219963 [/Devices/vga/0/] (level 3)
00:00:10.219964   PCIBusNo      <integer> = 0x0000000000000000 (0)
00:00:10.219965   PCIDeviceNo   <integer> = 0x0000000000000002 (2)
00:00:10.219965   PCIFunctionNo <integer> = 0x0000000000000000 (0)
00:00:10.219966   Trusted       <integer> = 0x0000000000000001 (1)
00:00:10.219967 
00:00:10.219967 [/Devices/vga/0/Config/] (level 4)
00:00:10.219969   CustomVideoModes <integer> = 0x0000000000000000 (0)
00:00:10.219970   FadeIn           <integer> = 0x0000000000000001 (1)
00:00:10.219971   FadeOut          <integer> = 0x0000000000000001 (1)
00:00:10.219972   HeightReduction  <integer> = 0x0000000000000000 (0)
00:00:10.219973   LogoFile         <string>  = "" (cb=1)
00:00:10.219973   LogoTime         <integer> = 0x0000000000000000 (0)
00:00:10.219974   MonitorCount     <integer> = 0x0000000000000001 (1)
00:00:10.219975   ShowBootMenu     <integer> = 0x0000000000000002 (2)
00:00:10.219976   VRamSize         <integer> = 0x0000000000900000 (9 437 184, 9 MB)
00:00:10.219978 
00:00:10.219978 [/Devices/vga/0/LUN#0/] (level 4)
00:00:10.219979   Driver <string>  = "MainDisplay" (cb=12)
00:00:10.219980 
00:00:10.219981 [/Devices/vga/0/LUN#0/Config/] (level 5)
00:00:10.219982   Object <integer> = 0x0000000001ae0e10 (28 184 080)
00:00:10.219983 
00:00:10.219983 [/Devices/vga/0/LUN#999/] (level 4)
00:00:10.219985   Driver <string>  = "MainStatus" (cb=11)
00:00:10.219985 
00:00:10.219986 [/Devices/vga/0/LUN#999/Config/] (level 5)
00:00:10.219987   First   <integer> = 0x0000000000000000 (0)
00:00:10.219988   Last    <integer> = 0x0000000000000000 (0)
00:00:10.219989   papLeds <integer> = 0x00000000052ebc98 (86 949 016)
00:00:10.219990 
00:00:10.219990 [/Devices/virtio-net/] (level 2)
00:00:10.219991 
00:00:10.219991 [/EM/] (level 1)
00:00:10.219993   TripleFaultReset <integer> = 0x0000000000000000 (0)
00:00:10.219994 
00:00:10.219994 [/GIM/] (level 1)
00:00:10.219995   Provider <string>  = "None" (cb=5)
00:00:10.219995 
00:00:10.219996 [/HM/] (level 1)
00:00:10.219997   64bitEnabled       <integer> = 0x0000000000000001 (1)
00:00:10.219998   EnableLargePages   <integer> = 0x0000000000000001 (1)
00:00:10.219999   EnableNestedPaging <integer> = 0x0000000000000001 (1)
00:00:10.220000   EnableUX           <integer> = 0x0000000000000001 (1)
00:00:10.220001   EnableVPID         <integer> = 0x0000000000000001 (1)
00:00:10.220001   Exclusive          <integer> = 0x0000000000000000 (0)
00:00:10.220002   HMForced           <integer> = 0x0000000000000001 (1)
00:00:10.220003 
00:00:10.220004 [/MM/] (level 1)
00:00:10.220005   CanUseLargerHeap <integer> = 0x0000000000000000 (0)
00:00:10.220005 
00:00:10.220006 [/PDM/] (level 1)
00:00:10.220007 
00:00:10.220007 [/PDM/AsyncCompletion/] (level 2)
00:00:10.220008 
00:00:10.220008 [/PDM/AsyncCompletion/File/] (level 3)
00:00:10.220009 
00:00:10.220010 [/PDM/AsyncCompletion/File/BwGroups/] (level 4)
00:00:10.220011 
00:00:10.220011 [/PDM/BlkCache/] (level 2)
00:00:10.220012   CacheSize <integer> = 0x0000000000500000 (5 242 880, 5 MB)
00:00:10.220014 
00:00:10.220014 [/PDM/Devices/] (level 2)
00:00:10.220015 
00:00:10.220015 [/PDM/Drivers/] (level 2)
00:00:10.220016 
00:00:10.220017 [/PDM/Drivers/VBoxC/] (level 3)
00:00:10.220018   Path <string>  = "VBoxC" (cb=6)
00:00:10.220018 
00:00:10.220019 [/PDM/NetworkShaper/] (level 2)
00:00:10.220020 
00:00:10.220020 [/PDM/NetworkShaper/BwGroups/] (level 3)
00:00:10.220021 
00:00:10.220022 [/TM/] (level 1)
00:00:10.220022   UTCOffset <integer> = 0x0000000000000000 (0)
00:00:10.220023 
00:00:10.220024 [/USB/] (level 1)
00:00:10.220025 
00:00:10.220025 [/USB/USBProxy/] (level 2)
00:00:10.220027 
00:00:10.220027 [/USB/USBProxy/GlobalConfig/] (level 3)
00:00:10.220028 
00:00:10.220029 ********************* End of CFGM dump **********************
00:00:10.220063 VM: fHMEnabled=true  (configured) fRecompileUser=false fRecompileSupervisor=false
00:00:10.220065 VM: fRawRing1Enabled=false CSAM=true  PATM=true 
00:00:10.220284 HM: HMR3Init: VT-x w/ nested paging and unrestricted guest execution hw support
00:00:10.220408 MM: cbHyperHeap=0x100000 (1048576)
00:00:10.223129 CPUM: fXStateHostMask=0x7; initial: 0x7; host XCR0=0x7
00:00:10.224652 CPUM: Matched host CPU INTEL 0x6/0x3d/0x4 Intel_Core7_Broadwell with CPU DB entry 'Intel Core i5-3570' (INTEL 0x6/0x3a/0x9 Intel_Core7_IvyBridge)
00:00:10.224959 CPUM: SetGuestCpuIdFeature: Enabled PAE
00:00:10.226950 PGM: HCPhysInterPD=000000009c2ba000 HCPhysInterPaePDPT=000000009c2b7000 HCPhysInterPaePML4=000000009c28c000
00:00:10.226965 PGM: apInterPTs={000000009c2b9000,000000009c2b8000} apInterPaePTs={0000000025702000,0000000007d03000} apInterPaePDs={0000000152dc4000,0000000120ec5000,0000000102e06000,0000000075387000} pInterPaePDPT64=000000009c2b6000
00:00:10.226972 PGM: Host paging mode: AMD64+PGE+NX
00:00:10.227015 PGM: PGMPool: cMaxPages=64 (u64MaxPages=64)
00:00:10.227020 PGM: pgmR3PoolInit: cMaxPages=0x40 cMaxUsers=0x80 cMaxPhysExts=0x80 fCacheEnable=true 
00:00:10.232425 TM: GIP - u32Mode=3 (Invariant) u32UpdateHz=92 u32UpdateIntervalNS=10753600 enmUseTscDelta=2 (Pratically Zero) fGetGipCpu=0x3 cCpus=4
00:00:10.232465 TM: GIP - u64CpuHz=2 194 915 308 (0x82d3bfec)  SUPGetCpuHzFromGip => 2 194 915 308
00:00:10.232473 TM: GIP - CPU: iCpuSet=0x0 idCpu=0x0 idApic=0x0 iGipCpu=0x3 i64TSCDelta=0 enmState=3 u64CpuHz=2194915715(*) cErrors=0
00:00:10.232481 TM: GIP - CPU: iCpuSet=0x1 idCpu=0x1 idApic=0x1 iGipCpu=0x1 i64TSCDelta=0 enmState=3 u64CpuHz=2194911969(*) cErrors=0
00:00:10.232485 TM: GIP - CPU: iCpuSet=0x2 idCpu=0x2 idApic=0x2 iGipCpu=0x0 i64TSCDelta=0 enmState=3 u64CpuHz=2194915308(*) cErrors=0
00:00:10.232490 TM: GIP - CPU: iCpuSet=0x3 idCpu=0x3 idApic=0x3 iGipCpu=0x2 i64TSCDelta=0 enmState=3 u64CpuHz=2194914111(*) cErrors=0
00:00:10.232569 TM: cTSCTicksPerSecond=2 194 915 308 (0x82d3bfec) enmTSCMode=3 (Dynamic)
00:00:10.232571 TM: TSCTiedToExecution=false TSCNotTiedToHalt=false
00:00:10.233062 VMM: CoreCode: R3=0000000006db0000 R0=ffffd000305e1000 RC=a0184000 Phys=000000009c1d7000 cb=0x1000
00:00:10.233752 GIM: Using provider 'None' (Implementation version: 0)
00:00:10.233897 AIOMgr: Default manager type is 'Async'
00:00:10.233954 AIOMgr: Default file backend is 'NonBuffered'
00:00:10.234275 BlkCache: Cache successfully initialized. Cache size is 5242880 bytes
00:00:10.234283 BlkCache: Cache commit interval is 10000 ms
00:00:10.234286 BlkCache: Cache commit threshold is 2621440 bytes
00:00:11.667309 PcBios: [SMP] BIOS with 1 CPUs
00:00:11.668181 PcBios: MPS table at 000e1300
00:00:11.706865 SUP: Loaded VBoxDDR0.r0 (C:\Program Files\Oracle\VirtualBox\VBoxDDR0.r0) at 0xfffff801e5770000 - ModuleInit at 0000000000000000 and ModuleTerm at 0000000000000000 using the native ring-0 loader
00:00:11.706883 SUP: windbg> .reload /f C:\Program Files\Oracle\VirtualBox\VBoxDDR0.r0=0xfffff801e5770000
00:00:11.789941 SUP: Loaded VBoxDD2R0.r0 (C:\Program Files\Oracle\VirtualBox\VBoxDD2R0.r0) at 0xfffff801e57a0000 - ModuleInit at 0000000000000000 and ModuleTerm at 0000000000000000 using the native ring-0 loader
00:00:11.789963 SUP: windbg> .reload /f C:\Program Files\Oracle\VirtualBox\VBoxDD2R0.r0=0xfffff801e57a0000
00:00:11.790049 APIC: Activating Local APIC
00:00:11.790055 CPUM: SetGuestCpuIdFeature: Enabled APIC
00:00:11.790838 PIT: mode=3 count=0x10000 (65536) - 18.20 Hz (ch=0)
00:00:11.853207 Shared Folders service loaded
00:00:11.861861 DrvBlock: Flushes will be ignored
00:00:11.861876 DrvBlock: Async flushes will be passed to the disk
00:00:11.862293 VD: VDInit finished
00:00:11.862475 VD: Opening the disk took 528841 ns
00:00:11.862530 FDC: 1.44 MB 3"1/2 floppy disk (2 h 80 t 18 s) rw
00:00:11.862872 DrvBlock: Flushes will be ignored
00:00:11.862879 DrvBlock: Async flushes will be passed to the disk
00:00:11.863057 VD: Opening the disk took 162131 ns
00:00:11.863256 PIIX3 ATA: LUN#0: disk, PCHS=81/16/63, total number of sectors 81920
00:00:11.863269 PIIX3 ATA: LUN#1: no unit
00:00:11.863329 DrvBlock: Flushes will be ignored
00:00:11.863337 DrvBlock: Async flushes will be passed to the disk
00:00:11.863675 PIIX3 ATA: LUN#2: CD/DVD, total number of sectors 0, passthrough disabled
00:00:11.863689 PIIX3 ATA: LUN#3: no unit
00:00:11.863769 PIIX3 ATA: Ctl#1: finished processing RESET
00:00:11.863810 PIIX3 ATA: Ctl#0: finished processing RESET
00:00:12.124311 NAT: DNS#0: 10.0.118.250
00:00:12.124338 NAT: DNS#1: 157.88.18.190
00:00:12.124346 NAT: DNS#2: 157.88.18.189
00:00:12.125313 Audio: Initializing DirectSound audio driver
00:00:13.995679 DSound: Output: GUID: {360042F5-1919-47F7-8246-A258765D083F} [Altavoces (Realtek High Definition Audio)] (Module: {0.0.0.00000000}.{360042f5-1919-47f7-8246-a258765d083f})
00:00:13.995728 DSound: Found 1 host playback devices
00:00:14.866367 DSound: Input: GUID: {792714AB-EB60-4E3D-8E7E-34A346011ED7} [Micrófono (Realtek High Definition Audio)] (Module: {0.0.1.00000000}.{792714ab-eb60-4e3d-8e7e-34a346011ed7})
00:00:14.866385 DSound: Found 1 host capturing devices
00:00:14.866392 DSound: Adjusting the number of host capturing devices from 1 to 2
00:00:14.867045 Audio: Initializing VRDE driver
00:00:14.868143 DSound: Guest "Line In" is using host device with GUID: <GUID not found>
00:00:18.987422 DSound: Guest "Microphone In" is using host device with GUID: {792714AB-EB60-4E3D-8E7E-34A346011ED7}
00:00:19.041948 PcBios: ATA LUN#0 LCHS=81/16/63
00:00:19.042189 PGM: The CPU physical address width is 39 bits
00:00:19.042206 PGM: PGMR3InitFinalize: 4 MB PSE mask 0000007fffffffff
00:00:19.042530 TM: TMR3InitFinalize: fTSCModeSwitchAllowed=false
00:00:19.079262 VMM: Thread-context hooks unavailable
00:00:19.079576 HM: Using VT-x implementation 2.0!
00:00:19.079578 HM: Host CR4                        = 0x1506f8
00:00:19.079581 HM: Host EFER                       = 0xd01
00:00:19.079583 HM: MSR_IA32_FEATURE_CONTROL        = 0x5
00:00:19.079584 HM: MSR_IA32_VMX_BASIC_INFO         = 0xda040000000012
00:00:19.079586 HM:   VMCS id                             = 0x12
00:00:19.079587 HM:   VMCS size                           = 1024 bytes
00:00:19.079588 HM:   VMCS physical address limit         = None
00:00:19.079590 HM:   VMCS memory type                    = 0x6
00:00:19.079591 HM:   Dual-monitor treatment support      = true 
00:00:19.079593 HM:   OUTS & INS instruction-info         = true 
00:00:19.079594 HM: Max resume loops                = 1024
00:00:19.079595 HM: MSR_IA32_VMX_PINBASED_CTLS      = 0x7f00000016
00:00:19.079597 HM:   VMX_VMCS_CTRL_PIN_EXEC_EXT_INT_EXIT
00:00:19.079597 HM:   VMX_VMCS_CTRL_PIN_EXEC_NMI_EXIT
00:00:19.079598 HM:   VMX_VMCS_CTRL_PIN_EXEC_VIRTUAL_NMI
00:00:19.079599 HM:   VMX_VMCS_CTRL_PIN_EXEC_PREEMPT_TIMER
00:00:19.079633 HM: MSR_IA32_VMX_PROCBASED_CTLS     = 0xfff9fffe0401e172
00:00:19.079635 HM:   VMX_VMCS_CTRL_PROC_EXEC_INT_WINDOW_EXIT
00:00:19.079636 HM:   VMX_VMCS_CTRL_PROC_EXEC_USE_TSC_OFFSETTING
00:00:19.079637 HM:   VMX_VMCS_CTRL_PROC_EXEC_HLT_EXIT
00:00:19.079638 HM:   VMX_VMCS_CTRL_PROC_EXEC_INVLPG_EXIT
00:00:19.079639 HM:   VMX_VMCS_CTRL_PROC_EXEC_MWAIT_EXIT
00:00:19.079639 HM:   VMX_VMCS_CTRL_PROC_EXEC_RDPMC_EXIT
00:00:19.079640 HM:   VMX_VMCS_CTRL_PROC_EXEC_RDTSC_EXIT
00:00:19.079641 HM:   VMX_VMCS_CTRL_PROC_EXEC_CR3_LOAD_EXIT (must be set)
00:00:19.079642 HM:   VMX_VMCS_CTRL_PROC_EXEC_CR3_STORE_EXIT (must be set)
00:00:19.079643 HM:   VMX_VMCS_CTRL_PROC_EXEC_CR8_LOAD_EXIT
00:00:19.079643 HM:   VMX_VMCS_CTRL_PROC_EXEC_CR8_STORE_EXIT
00:00:19.079644 HM:   VMX_VMCS_CTRL_PROC_EXEC_USE_TPR_SHADOW
00:00:19.079645 HM:   VMX_VMCS_CTRL_PROC_EXEC_NMI_WINDOW_EXIT
00:00:19.079646 HM:   VMX_VMCS_CTRL_PROC_EXEC_MOV_DR_EXIT
00:00:19.079647 HM:   VMX_VMCS_CTRL_PROC_EXEC_UNCOND_IO_EXIT
00:00:19.079647 HM:   VMX_VMCS_CTRL_PROC_EXEC_USE_IO_BITMAPS
00:00:19.079648 HM:   VMX_VMCS_CTRL_PROC_EXEC_MONITOR_TRAP_FLAG
00:00:19.079649 HM:   VMX_VMCS_CTRL_PROC_EXEC_USE_MSR_BITMAPS
00:00:19.079650 HM:   VMX_VMCS_CTRL_PROC_EXEC_MONITOR_EXIT
00:00:19.079651 HM:   VMX_VMCS_CTRL_PROC_EXEC_PAUSE_EXIT
00:00:19.079651 HM:   VMX_VMCS_CTRL_PROC_EXEC_USE_SECONDARY_EXEC_CTRL
00:00:19.079652 HM: MSR_IA32_VMX_PROCBASED_CTLS2    = 0x53cff00000000
00:00:19.079654 HM:   VMX_VMCS_CTRL_PROC_EXEC2_VIRT_APIC
00:00:19.079686 HM:   VMX_VMCS_CTRL_PROC_EXEC2_EPT
00:00:19.079687 HM:   VMX_VMCS_CTRL_PROC_EXEC2_DESCRIPTOR_TABLE_EXIT
00:00:19.079688 HM:   VMX_VMCS_CTRL_PROC_EXEC2_RDTSCP
00:00:19.079689 HM:   VMX_VMCS_CTRL_PROC_EXEC2_VIRT_X2APIC
00:00:19.079690 HM:   VMX_VMCS_CTRL_PROC_EXEC2_VPID
00:00:19.079691 HM:   VMX_VMCS_CTRL_PROC_EXEC2_WBINVD_EXIT
00:00:19.079691 HM:   VMX_VMCS_CTRL_PROC_EXEC2_UNRESTRICTED_GUEST
00:00:19.079692 HM:   VMX_VMCS_CTRL_PROC_EXEC2_PAUSE_LOOP_EXIT
00:00:19.079693 HM:   VMX_VMCS_CTRL_PROC_EXEC2_RDRAND_EXIT
00:00:19.079694 HM:   VMX_VMCS_CTRL_PROC_EXEC2_INVPCID
00:00:19.079727 HM:   VMX_VMCS_CTRL_PROC_EXEC2_VMFUNC
00:00:19.079728 HM:   VMX_VMCS_CTRL_PROC_EXEC2_VMCS_SHADOWING (must be cleared)
00:00:19.079728 HM:   VMX_VMCS_CTRL_PROC_EXEC2_RDSEED_EXIT
00:00:19.079729 HM:   VMX_VMCS_CTRL_PROC_EXEC2_EPT_VE
00:00:19.079730 HM:   VMX_VMCS_CTRL_PROC_EXEC2_XSAVES (must be cleared)
00:00:19.079731 HM: MSR_IA32_VMX_ENTRY_CTLS         = 0xffff000011ff
00:00:19.079732 HM:   VMX_VMCS_CTRL_ENTRY_LOAD_DEBUG (must be set)
00:00:19.079733 HM:   VMX_VMCS_CTRL_ENTRY_IA32E_MODE_GUEST
00:00:19.079734 HM:   VMX_VMCS_CTRL_ENTRY_ENTRY_SMM
00:00:19.079735 HM:   VMX_VMCS_CTRL_ENTRY_DEACTIVATE_DUALMON
00:00:19.079736 HM:   VMX_VMCS_CTRL_ENTRY_LOAD_GUEST_PERF_MSR
00:00:19.079737 HM:   VMX_VMCS_CTRL_ENTRY_LOAD_GUEST_PAT_MSR
00:00:19.079738 HM:   VMX_VMCS_CTRL_ENTRY_LOAD_GUEST_EFER_MSR
00:00:19.079739 HM: MSR_IA32_VMX_EXIT_CTLS          = 0x7fffff00036dff
00:00:19.079741 HM:   VMX_VMCS_CTRL_EXIT_SAVE_DEBUG (must be set)
00:00:19.079773 HM:   VMX_VMCS_CTRL_EXIT_HOST_ADDR_SPACE_SIZE
00:00:19.079774 HM:   VMX_VMCS_CTRL_EXIT_LOAD_PERF_MSR
00:00:19.079774 HM:   VMX_VMCS_CTRL_EXIT_ACK_EXT_INT
00:00:19.079775 HM:   VMX_VMCS_CTRL_EXIT_SAVE_GUEST_PAT_MSR
00:00:19.079776 HM:   VMX_VMCS_CTRL_EXIT_LOAD_HOST_PAT_MSR
00:00:19.079777 HM:   VMX_VMCS_CTRL_EXIT_SAVE_GUEST_EFER_MSR
00:00:19.079777 HM:   VMX_VMCS_CTRL_EXIT_LOAD_HOST_EFER_MSR
00:00:19.079778 HM:   VMX_VMCS_CTRL_EXIT_SAVE_VMX_PREEMPT_TIMER
00:00:19.079779 HM: MSR_IA32_VMX_EPT_VPID_CAP       = 0xf0106334141
00:00:19.079781 HM:   MSR_IA32_VMX_EPT_VPID_CAP_RWX_X_ONLY
00:00:19.079781 HM:   MSR_IA32_VMX_EPT_VPID_CAP_GAW_48_BITS
00:00:19.079782 HM:   MSR_IA32_VMX_EPT_VPID_CAP_EMT_UC
00:00:19.079783 HM:   MSR_IA32_VMX_EPT_VPID_CAP_EMT_WB
00:00:19.079784 HM:   MSR_IA32_VMX_EPT_VPID_CAP_SP_21_BITS
00:00:19.079785 HM:   MSR_IA32_VMX_EPT_VPID_CAP_SP_30_BITS
00:00:19.079785 HM:   MSR_IA32_VMX_EPT_VPID_CAP_INVEPT
00:00:19.079786 HM:   MSR_IA32_VMX_EPT_VPID_CAP_INVEPT_SINGLE_CONTEXT
00:00:19.079787 HM:   MSR_IA32_VMX_EPT_VPID_CAP_INVEPT_ALL_CONTEXTS
00:00:19.079788 HM:   MSR_IA32_VMX_EPT_VPID_CAP_INVVPID
00:00:19.079789 HM:   MSR_IA32_VMX_EPT_VPID_CAP_INVVPID_INDIV_ADDR
00:00:19.079790 HM:   MSR_IA32_VMX_EPT_VPID_CAP_INVVPID_SINGLE_CONTEXT
00:00:19.079790 HM:   MSR_IA32_VMX_EPT_VPID_CAP_INVVPID_ALL_CONTEXTS
00:00:19.079791 HM:   MSR_IA32_VMX_EPT_VPID_CAP_INVVPID_SINGLE_CONTEXT_RETAIN_GLOBALS
00:00:19.079792 HM: MSR_IA32_VMX_MISC               = 0x300481e5
00:00:19.079793 HM:   MSR_IA32_VMX_MISC_PREEMPT_TSC_BIT      = 0x5
00:00:19.079795 HM:   MSR_IA32_VMX_MISC_STORE_EFERLMA_VMEXIT = true 
00:00:19.079796 HM:   MSR_IA32_VMX_MISC_ACTIVITY_STATES      = 0x7
00:00:19.079797 HM:   MSR_IA32_VMX_MISC_CR3_TARGET           = 0x4
00:00:19.079798 HM:   MSR_IA32_VMX_MISC_MAX_MSR              = 512
00:00:19.079799 HM:   MSR_IA32_VMX_MISC_RDMSR_SMBASE_MSR_SMM = true 
00:00:19.079800 HM:   MSR_IA32_VMX_MISC_SMM_MONITOR_CTL_B2   = true 
00:00:19.079801 HM:   MSR_IA32_VMX_MISC_VMWRITE_VMEXIT_INFO  = true 
00:00:19.079802 HM:   MSR_IA32_VMX_MISC_MSEG_ID              = 0x0
00:00:19.079803 HM: MSR_IA32_VMX_CR0_FIXED0         = 0x80000021
00:00:19.079804 HM: MSR_IA32_VMX_CR0_FIXED1         = 0xffffffff
00:00:19.079805 HM: MSR_IA32_VMX_CR4_FIXED0         = 0x2000
00:00:19.079807 HM: MSR_IA32_VMX_CR4_FIXED1         = 0x3727ff
00:00:19.079808 HM: MSR_IA32_VMX_VMCS_ENUM          = 0x2a
00:00:19.079809 HM:   MSR_IA32_VMX_VMCS_ENUM_HIGHEST_INDEX   = 0x15
00:00:19.079810 HM: MSR_A32_VMX_VMFUNC              = 0x1
00:00:19.079811 HM:   VMX_VMCS_CTRL_VMFUNC_EPTP_SWITCHING
00:00:19.079812 HM: APIC-access page physaddr       = 0x000000009c198000
00:00:19.079814 HM: VCPU  0: MSR bitmap physaddr    = 0x000000009c195000
00:00:19.079816 HM: VCPU  0: VMCS physaddr          = 0x000000009c197000
00:00:19.079818 HM: Guest support: 32-bit and 64-bit
00:00:19.079836 HM: Supports VMCS EFER fields       = true 
00:00:19.079838 HM: VMX enabled!
00:00:19.079842 CPUM: SetGuestCpuIdFeature: Enabled SYSENTER/EXIT
00:00:19.079843 CPUM: SetGuestCpuIdFeature: Enabled PAE
00:00:19.079844 CPUM: SetGuestCpuIdFeature: Enabled LONG MODE
00:00:19.079845 CPUM: SetGuestCpuIdFeature: Enabled SYSCALL/RET
00:00:19.079846 CPUM: SetGuestCpuIdFeature: Enabled LAHF/SAHF
00:00:19.079847 CPUM: SetGuestCpuIdFeature: Enabled NX
00:00:19.079848 HM: Nested paging enabled!
00:00:19.079849 HM:   EPT flush type                = VMXFLUSHEPT_SINGLE_CONTEXT
00:00:19.079850 HM: Unrestricted guest execution enabled!
00:00:19.079851 HM: Large page support enabled
00:00:19.079851 HM: VPID enabled!
00:00:19.079852 HM:   VPID flush type               = VMXFLUSHVPID_SINGLE_CONTEXT
00:00:19.079853 HM: VMX-preemption timer enabled (cPreemptTimerShift=5)
00:00:19.079854 HM: VT-x/AMD-V init method: LOCAL
00:00:19.079856 VMM: fUsePeriodicPreemptionTimers=false
00:00:19.079940 CPUM: Logical host processors: 4 present, 4 max, 4 online, online mask: 000000000000000f
00:00:19.080267 CPUM: Physical host cores: 2
00:00:19.080271 ************************* CPUID dump ************************
00:00:19.080353          Raw Standard CPUID Leaves
00:00:19.080354      Leaf/sub-leaf  eax      ebx      ecx      edx
00:00:19.080388 Gst: 00000000/0000  00000014 756e6547 6c65746e 49656e69
00:00:19.080391 Hst:                00000014 756e6547 6c65746e 49656e69
00:00:19.080394 Gst: 00000001/0000  000306d4 00000800 56d8220b 078bfbff
00:00:19.080396 Hst:                000306d4 02100800 7ffafbbf bfebfbff
00:00:19.080398 Gst: 00000002/0000  76036301 00f0b5ff 00000000 00c30000
00:00:19.080400 Hst:                76036301 00f0b5ff 00000000 00c30000
00:00:19.080402 Gst: 00000003/0000  00000000 00000000 00000000 00000000
00:00:19.080404 Hst:                00000000 00000000 00000000 00000000
00:00:19.080406 Gst: 00000004/0000  00000121 01c0003f 0000003f 00000000
00:00:19.080407 Hst:                1c004121 01c0003f 0000003f 00000000
00:00:19.080409 Gst: 00000004/0001  00000122 01c0003f 0000003f 00000000
00:00:19.080411 Hst:                1c004122 01c0003f 0000003f 00000000
00:00:19.080413 Gst: 00000004/0002  00000143 01c0003f 000001ff 00000000
00:00:19.080414 Hst:                1c004143 01c0003f 000001ff 00000000
00:00:19.080416 Gst: 00000004/0003  00000163 02c0003f 00000fff 00000006
00:00:19.080418 Hst:                1c03c163 02c0003f 00000fff 00000006
00:00:19.080420 Gst: 00000004/0004  00000000 00000000 00000000 00000000
00:00:19.080421 Hst:                00000000 00000000 00000000 00000000
00:00:19.080423 Gst: 00000005/0000  00000040 00000040 00000000 00000000
00:00:19.080424 Hst:                00000040 00000040 00000003 11142120
00:00:19.080426 Gst: 00000006/0000  00000000 00000000 00000000 00000000
00:00:19.080428 Hst:                00000077 00000002 00000009 00000000
00:00:19.080430 Gst: 00000007/0000  00000000 00042000 00000000 00000000
00:00:19.080431 Hst:                00000000 021c27ab 00000000 00000000
00:00:19.080433 Gst: 00000007/0001  00000000 00000000 00000000 00000000
00:00:19.080434 Hst:                00000000 00000000 00000000 00000000
00:00:19.080436 Gst: 00000008/0000  00000000 00000000 00000000 00000000
00:00:19.080438 Hst:                00000000 00000000 00000000 00000000
00:00:19.080439 Gst: 00000009/0000  00000000 00000000 00000000 00000000
00:00:19.080441 Hst:                00000000 00000000 00000000 00000000
00:00:19.080442 Gst: 0000000a/0000  00000000 00000000 00000000 00000000
00:00:19.080443 Hst:                07300403 00000000 00000000 00000603
00:00:19.080445 Gst: 0000000b/0000  00000000 00000001 00000100 00000000
00:00:19.080447 Hst:                00000001 00000002 00000100 00000002
00:00:19.080449 Gst: 0000000b/0001  00000001 00000001 00000201 00000000
00:00:19.080450 Hst:                00000004 00000004 00000201 00000002
00:00:19.080451 Gst: 0000000b/0002  00000000 00000000 00000002 00000000
00:00:19.080453 Hst:                00000000 00000000 00000002 00000002
00:00:19.080455 Gst: 0000000c/0000  00000000 00000000 00000000 00000000
00:00:19.080456 Hst:                00000000 00000001 00000001 00000000
00:00:19.080458 Hst: 0000000d/0000  00000007 00000340 00000340 00000000
00:00:19.080460 Hst: 0000000d/0001  00000001 00000000 00000000 00000000
00:00:19.080462 Hst: 0000000d/0002  00000100 00000240 00000000 00000000
00:00:19.080487 Hst: 0000000e/0000  00000000 00000000 00000000 00000000
00:00:19.080489 Hst: 0000000f/0000  00000000 00000000 00000000 00000000
00:00:19.080491 Hst: 00000010/0000  00000000 00000000 00000000 00000000
00:00:19.080493 Hst: 00000011/0000  00000000 00000000 00000000 00000000
00:00:19.080495 Hst: 00000012/0000  00000000 00000000 00000000 00000000
00:00:19.080496 Hst: 00000013/0000  00000000 00000000 00000000 00000000
00:00:19.080498 Hst: 00000014/0000  00000000 00000001 00000001 00000000
00:00:19.080500                                Name: GenuineIntel
00:00:19.080503                            Supports: 0x00000000-0x00000014
00:00:19.080539                              Family:  6 	Extended: 0 	Effective: 6
00:00:19.080542                               Model: 13 	Extended: 3 	Effective: 61
00:00:19.080544                            Stepping: 4
00:00:19.080545                                Type: 0 (primary)
00:00:19.080547                             APIC ID: 0x00
00:00:19.080549                        Logical CPUs: 0
00:00:19.080550                        CLFLUSH Size: 8
00:00:19.080551                            Brand ID: 0x00
00:00:19.080553 Features
00:00:19.080554   Mnemonic - Description                                  = guest (host)
00:00:19.080556   FPU - x87 FPU on Chip                                   = 1 (1)
00:00:19.080559   VME - Virtual 8086 Mode Enhancements                    = 1 (1)
00:00:19.080561   DE - Debugging extensions                               = 1 (1)
00:00:19.080563   PSE - Page Size Extension                               = 1 (1)
00:00:19.080565   TSC - Time Stamp Counter                                = 1 (1)
00:00:19.080567   MSR - Model Specific Registers                          = 1 (1)
00:00:19.080569   PAE - Physical Address Extension                        = 1 (1)
00:00:19.080571   MCE - Machine Check Exception                           = 1 (1)
00:00:19.080573   CX8 - CMPXCHG8B instruction                             = 1 (1)
00:00:19.080575   APIC - APIC On-Chip                                     = 1 (1)
00:00:19.080577   SEP - SYSENTER and SYSEXIT Present                      = 1 (1)
00:00:19.080579   MTRR - Memory Type Range Registers                      = 1 (1)
00:00:19.080581   PGE - PTE Global Bit                                    = 1 (1)
00:00:19.080583   MCA - Machine Check Architecture                        = 1 (1)
00:00:19.080585   CMOV - Conditional Move instructions                    = 1 (1)
00:00:19.080587   PAT - Page Attribute Table                              = 1 (1)
00:00:19.080589   PSE-36 - 36-bit Page Size Extension                     = 1 (1)
00:00:19.080591   PSN - Processor Serial Number                           = 0 (0)
00:00:19.080593   CLFSH - CLFLUSH instruction                             = 1 (1)
00:00:19.080595   DS - Debug Store                                        = 0 (1)
00:00:19.080598   ACPI - Thermal Mon. & Soft. Clock Ctrl.                 = 0 (1)
00:00:19.080600   MMX - Intel MMX Technology                              = 1 (1)
00:00:19.080602   FXSR - FXSAVE and FXRSTOR instructions                  = 1 (1)
00:00:19.080603   SSE - SSE support                                       = 1 (1)
00:00:19.080606   SSE2 - SSE2 support                                     = 1 (1)
00:00:19.080608   SS - Self Snoop                                         = 0 (1)
00:00:19.080610   HTT - Hyper-Threading Technology                        = 0 (1)
00:00:19.080612   TM - Therm. Monitor                                     = 0 (1)
00:00:19.080615   PBE - Pending Break Enabled                             = 0 (1)
00:00:19.080617   SSE3 - SSE3 support                                     = 1 (1)
00:00:19.080619   PCLMUL - PCLMULQDQ support (for AES-GCM)                = 1 (1)
00:00:19.080621   DTES64 - DS Area 64-bit Layout                          = 0 (1)
00:00:19.080623   MONITOR - MONITOR/MWAIT instructions                    = 1 (1)
00:00:19.080625   CPL-DS - CPL Qualified Debug Store                      = 0 (1)
00:00:19.080626   VMX - Virtual Machine Extensions                        = 0 (1)
00:00:19.080628   SMX - Safer Mode Extensions                             = 0 (0)
00:00:19.080631   EST - Enhanced SpeedStep Technology                     = 0 (1)
00:00:19.080633   TM2 - Terminal Monitor 2                                = 0 (1)
00:00:19.080635   SSSE3 - Supplemental Streaming SIMD Extensions 3        = 1 (1)
00:00:19.080637   CNTX-ID - L1 Context ID                                 = 0 (0)
00:00:19.080639   SDBG - Silicon Debug interface                          = 0 (1)
00:00:19.080641   FMA - Fused Multiply Add extensions                     = 0 (1)
00:00:19.080643   CX16 - CMPXCHG16B instruction                           = 1 (1)
00:00:19.080645   TPRUPDATE - xTPR Update Control                         = 0 (1)
00:00:19.080647   PDCM - Perf/Debug Capability MSR                        = 0 (1)
00:00:19.080649   PCID - Process Context Identifiers                      = 0 (1)
00:00:19.080651   DCA - Direct Cache Access                               = 0 (0)
00:00:19.080653   SSE4_1 - SSE4_1 support                                 = 1 (1)
00:00:19.080655   SSE4_2 - SSE4_2 support                                 = 1 (1)
00:00:19.080657   X2APIC - x2APIC support                                 = 0 (1)
00:00:19.080659   MOVBE - MOVBE instruction                               = 1 (1)
00:00:19.080662   POPCNT - POPCNT instruction                             = 1 (1)
00:00:19.080664   TSCDEADL - Time Stamp Counter Deadline                  = 0 (1)
00:00:19.080665   AES - AES instructions                                  = 1 (1)
00:00:19.080667   XSAVE - XSAVE instruction                               = 1 (1)
00:00:19.080669   OSXSAVE - OSXSAVE instruction                           = 0 (1)
00:00:19.080672   AVX - AVX support                                       = 1 (1)
00:00:19.080674   F16C - 16-bit floating point conversion instructions    = 0 (1)
00:00:19.080676   RDRAND - RDRAND instruction                             = 1 (1)
00:00:19.080678   HVP - Hypervisor Present (we're a guest)                = 0 (0)
00:00:19.080680 Structured Extended Feature Flags Enumeration (leaf 7):
00:00:19.080681   Mnemonic - Description                                  = guest (host)
00:00:19.080682   FSGSBASE - RDFSBASE/RDGSBASE/WRFSBASE/WRGSBASE instr.   = 0 (1)
00:00:19.080684   TSCADJUST - Supports MSR_IA32_TSC_ADJUST                = 0 (1)
00:00:19.080686   BMI1 - Advanced Bit Manipulation extension 1            = 0 (1)
00:00:19.080687   HLE - Hardware Lock Elision                             = 0 (0)
00:00:19.080689   AVX2 - Advanced Vector Extensions 2                     = 0 (1)
00:00:19.080691   SMEP - Supervisor Mode Execution Prevention             = 0 (1)
00:00:19.080693   BMI2 - Advanced Bit Manipulation extension 2            = 0 (1)
00:00:19.080695   ERMS - Enhanced REP MOVSB/STOSB instructions            = 0 (1)
00:00:19.080697   INVPCID - INVPCID instruction                           = 0 (1)
00:00:19.080699   RTM - Restricted Transactional Memory                   = 0 (0)
00:00:19.080701   PQM - Platform Quality of Service Monitoring            = 0 (0)
00:00:19.080703   DEPFPU_CS_DS - Deprecates FPU CS, FPU DS values if set  = 1 (1)
00:00:19.080705   MPE - Intel Memory Protection Extensions                = 0 (0)
00:00:19.080707   PQE - Platform Quality of Service Enforcement           = 0 (0)
00:00:19.080709   AVX512F - AVX512 Foundation instructions                = 0 (0)
00:00:19.080710   RDSEED - RDSEED instruction                             = 1 (1)
00:00:19.080712   ADX - ADCX/ADOX instructions                            = 0 (1)
00:00:19.080714   SMAP - Supervisor Mode Access Prevention                = 0 (1)
00:00:19.080752   CLFLUSHOPT - CLFLUSHOPT (Cache Line Flush) instruction  = 0 (0)
00:00:19.080754   INTEL_PT - Intel Processor Trace                        = 0 (1)
00:00:19.080756   AVX512PF - AVX512 Prefetch instructions                 = 0 (0)
00:00:19.080758   AVX512ER - AVX512 Exponential & Reciprocal instructions = 0 (0)
00:00:19.080760   AVX512CD - AVX512 Conflict Detection instructions       = 0 (0)
00:00:19.080761   SHA - Secure Hash Algorithm extensions                  = 0 (0)
00:00:19.080763   PREFETCHWT1 - PREFETCHWT1 instruction                   = 0 (0)
00:00:19.080766   PKU - Protection Key for Usermode pages                 = 0 (0)
00:00:19.080767   OSPKU - CR4.PKU mirror                                  = 0 (0)
00:00:19.080770 Processor Extended State Enumeration (leaf 0xd):
00:00:19.080771    XSAVE area cur/max size by XCR0, guest: 0x340/0x340
00:00:19.080773     XSAVE area cur/max size by XCR0, host: 0x340/0x340
00:00:19.080774                    Valid XCR0 bits, guest: 0x00000000`00000007 ( x87 SSE YMM_Hi128 )
00:00:19.080778                     Valid XCR0 bits, host: 0x00000000`00000007 ( x87 SSE YMM_Hi128 )
00:00:19.080781                     XSAVE features, guest:
00:00:19.080783                      XSAVE features, host: XSAVEOPT
00:00:19.080785       XSAVE area cur size XCR0|XSS, guest: 0x0
00:00:19.080786        XSAVE area cur size XCR0|XSS, host: 0x0
00:00:19.080788                Valid IA32_XSS bits, guest: 0x00000000`00000000
00:00:19.080789                 Valid IA32_XSS bits, host: 0x00000000`00000000
00:00:19.080791   State #2, guest: off=0x0240, cb=0x0100 IA32_XSS-bit -- YMM_Hi128
00:00:19.080794   State #2, host:  off=0x0240, cb=0x0100 IA32_XSS-bit -- YMM_Hi128
00:00:19.080808          Unknown CPUID Leaves
00:00:19.080809      Leaf/sub-leaf  eax      ebx      ecx      edx
00:00:19.080810 Gst: 0000000c/0001  00000000 00000000 00000000 00000000
00:00:19.080812 Hst:                00000000 00000000 00000000 00000000
00:00:19.080813 Gst: 0000000d/0000  00000007 00000340 00000340 00000000
00:00:19.080815 Hst:                00000007 00000340 00000340 00000000
00:00:19.080817 Gst: 0000000d/0001  00000000 00000000 00000000 00000000
00:00:19.080818 Hst:                00000001 00000000 00000000 00000000
00:00:19.080820 Gst: 0000000d/0002  00000100 00000240 00000000 00000000
00:00:19.080822 Hst:                00000100 00000240 00000000 00000000
00:00:19.080823 Gst: 0000000d/0003  00000000 00000000 00000000 00000000
00:00:19.080825 Hst:                00000000 00000000 00000000 00000000
00:00:19.080826 Gst: 0000000e/0000  00000000 00000000 00000000 00000000
00:00:19.080828 Hst:                00000000 00000000 00000000 00000000
00:00:19.080829 Gst: 0000000f/0000  00000000 00000000 00000000 00000000
00:00:19.080830 Hst:                00000000 00000000 00000000 00000000
00:00:19.080832 Gst: 00000010/0000  00000000 00000000 00000000 00000000
00:00:19.080834 Hst:                00000000 00000000 00000000 00000000
00:00:19.080835 Gst: 00000011/0000  00000000 00000000 00000000 00000000
00:00:19.080837 Hst:                00000000 00000000 00000000 00000000
00:00:19.080838 Gst: 00000012/0000  00000000 00000000 00000000 00000000
00:00:19.080840 Hst:                00000000 00000000 00000000 00000000
00:00:19.080841 Gst: 00000013/0000  00000000 00000000 00000000 00000000
00:00:19.080843 Hst:                00000000 00000000 00000000 00000000
00:00:19.080844 Gst: 00000014/0000  00000000 00000000 00000000 00000000
00:00:19.080845 Hst:                00000000 00000001 00000001 00000000
00:00:19.080846 Gst: 00000014/0001  00000000 00000000 00000000 00000000
00:00:19.080848 Hst:                00000000 00000000 00000000 00000000
00:00:19.080850          Raw Hypervisor CPUID Leaves
00:00:19.080851      Leaf/sub-leaf  eax      ebx      ecx      edx
00:00:19.080852 Gst: 40000000/0000  40000001 786f4256 786f4256 786f4256
00:00:19.080854 Hst:                00000000 00000001 00000001 00000000
00:00:19.080856 Gst: 40000001/0000  656e6f6e 00000000 00000000 00000000
00:00:19.080858 Hst:                00000000 00000001 00000001 00000000
00:00:19.080859          Raw Extended CPUID Leaves
00:00:19.080860      Leaf/sub-leaf  eax      ebx      ecx      edx
00:00:19.080861 Gst: 80000000/0000  80000008 00000000 00000000 00000000
00:00:19.080862 Hst:                80000008 00000000 00000000 00000000
00:00:19.080864 Gst: 80000001/0000  00000000 00000000 00000121 28100800
00:00:19.080866 Hst:                00000000 00000000 00000121 2c100800
00:00:19.080868 Gst: 80000002/0000  65746e49 2952286c 726f4320 4d542865
00:00:19.080870 Hst:                65746e49 2952286c 726f4320 4d542865
00:00:19.080872 Gst: 80000003/0000  35692029 3032352d 43205530 40205550
00:00:19.080874 Hst:                35692029 3032352d 43205530 40205550
00:00:19.080877 Gst: 80000004/0000  322e3220 7a484730 00000000 00000000
00:00:19.080879 Hst:                322e3220 7a484730 00000000 00000000
00:00:19.080881 Gst: 80000005/0000  00000000 00000000 00000000 00000000
00:00:19.080883 Hst:                00000000 00000000 00000000 00000000
00:00:19.080884 Gst: 80000006/0000  00000000 00000000 01006040 00000000
00:00:19.080886 Hst:                00000000 00000000 01006040 00000000
00:00:19.080887 Gst: 80000007/0000  00000000 00000000 00000000 00000100
00:00:19.080889 Hst:                00000000 00000000 00000000 00000100
00:00:19.080891 Gst: 80000008/0000  00003027 00000000 00000000 00000000
00:00:19.080892 Hst:                00003027 00000000 00000000 00000000
00:00:19.080894 Ext Name:                        
00:00:19.080895 Ext Supports:                    0x80000000-0x80000008
00:00:19.080897 Family:                          0  	Extended: 0 	Effective: 0
00:00:19.080898 Model:                           0  	Extended: 0 	Effective: 0
00:00:19.080900 Stepping:                        0
00:00:19.080900 Brand ID:                        0x000
00:00:19.080901 Ext Features
00:00:19.080902   Mnemonic - Description                                  = guest (host)
00:00:19.080903   FPU - x87 FPU on Chip                                   = 0 (0)
00:00:19.080906   VME - Virtual 8086 Mode Enhancements                    = 0 (0)
00:00:19.080908   DE - Debugging extensions                               = 0 (0)
00:00:19.080910   PSE - Page Size Extension                               = 0 (0)
00:00:19.080912   TSC - Time Stamp Counter                                = 0 (0)
00:00:19.080914   MSR - K86 Model Specific Registers                      = 0 (0)
00:00:19.080916   PAE - Physical Address Extension                        = 0 (0)
00:00:19.080918   MCE - Machine Check Exception                           = 0 (0)
00:00:19.080920   CX8 - CMPXCHG8B instruction                             = 0 (0)
00:00:19.080922   APIC - APIC On-Chip                                     = 0 (0)
00:00:19.080924   SEP - SYSCALL/SYSRET                                    = 1 (1)
00:00:19.080926   MTRR - Memory Type Range Registers                      = 0 (0)
00:00:19.080928   PGE - PTE Global Bit                                    = 0 (0)
00:00:19.080930   MCA - Machine Check Architecture                        = 0 (0)
00:00:19.080932   CMOV - Conditional Move instructions                    = 0 (0)
00:00:19.080934   PAT - Page Attribute Table                              = 0 (0)
00:00:19.080936   PSE-36 - 36-bit Page Size Extension                     = 0 (0)
00:00:19.080938   NX - No-Execute/Execute-Disable                         = 1 (1)
00:00:19.080939   AXMMX - AMD Extensions to MMX instructions              = 0 (0)
00:00:19.080941   MMX - Intel MMX Technology                              = 0 (0)
00:00:19.080943   FXSR - FXSAVE and FXRSTOR Instructions                  = 0 (0)
00:00:19.080945   FFXSR - AMD fast FXSAVE and FXRSTOR instructions        = 0 (0)
00:00:19.080947   Page1GB - 1 GB large page                               = 0 (1)
00:00:19.080949   RDTSCP - RDTSCP instruction                             = 1 (1)
00:00:19.080951   LM - AMD64 Long Mode                                    = 1 (1)
00:00:19.080954   3DNOWEXT - AMD Extensions to 3DNow                      = 0 (0)
00:00:19.080956   3DNOW - AMD 3DNow                                       = 0 (0)
00:00:19.080958   LahfSahf - LAHF/SAHF support in 64-bit mode             = 1 (1)
00:00:19.080960   CmpLegacy - Core multi-processing legacy mode           = 0 (0)
00:00:19.080961   SVM - AMD VM extensions                                 = 0 (0)
00:00:19.080964   EXTAPIC - AMD Extended APIC registers                   = 0 (0)
00:00:19.080966   CR8L - AMD LOCK MOV CR0 means MOV CR8                   = 0 (0)
00:00:19.080968   ABM - AMD Advanced Bit Manipulation                     = 1 (1)
00:00:19.080969   SSE4A - SSE4A instructions                              = 0 (0)
00:00:19.080971   MISALIGNSSE - AMD Misaligned SSE mode                   = 0 (0)
00:00:19.080973   3DNOWPRF - AMD PREFETCH and PREFETCHW instructions      = 1 (1)
00:00:19.080975   OSVW - AMD OS Visible Workaround                        = 0 (0)
00:00:19.080977   IBS - Instruct Based Sampling                           = 0 (0)
00:00:19.080979   XOP - Extended Operation support                        = 0 (0)
00:00:19.080981   SKINIT - SKINIT, STGI, and DEV support                  = 0 (0)
00:00:19.080983   WDT - AMD Watchdog Timer support                        = 0 (0)
00:00:19.080985   LWP - Lightweight Profiling support                     = 0 (0)
00:00:19.080987   FMA4 - Four operand FMA instruction support             = 0 (0)
00:00:19.080989   NodeId - NodeId in MSR C001_100C                        = 0 (0)
00:00:19.080991   TBM - Trailing Bit Manipulation instructions            = 0 (0)
00:00:19.080992   TOPOEXT - Topology Extensions                           = 0 (0)
00:00:19.080995 Full Name:                       "Intel(R) Core(TM) i5-5200U CPU @ 2.20GHz"
00:00:19.080997 TLB 2/4M Instr/Uni:              res0     0 entries
00:00:19.080998 TLB 2/4M Data:                   res0     0 entries
00:00:19.081000 TLB 4K Instr/Uni:                res0     0 entries
00:00:19.081001 TLB 4K Data:                     res0     0 entries
00:00:19.081002 L1 Instr Cache Line Size:        0 bytes
00:00:19.081003 L1 Instr Cache Lines Per Tag:    0
00:00:19.081003 L1 Instr Cache Associativity:    res0  
00:00:19.081004 L1 Instr Cache Size:             0 KB
00:00:19.081005 L1 Data Cache Line Size:         0 bytes
00:00:19.081007 L1 Data Cache Lines Per Tag:     0
00:00:19.081008 L1 Data Cache Associativity:     res0  
00:00:19.081008 L1 Data Cache Size:              0 KB
00:00:19.081010 L2 TLB 2/4M Instr/Uni:           off       0 entries
00:00:19.081011 L2 TLB 2/4M Data:                off       0 entries
00:00:19.081012 L2 TLB 4K Instr/Uni:             off       0 entries
00:00:19.081013 L2 TLB 4K Data:                  off       0 entries
00:00:19.081014 L2 Cache Line Size:              0 bytes
00:00:19.081014 L2 Cache Lines Per Tag:          0
00:00:19.081015 L2 Cache Associativity:          off   
00:00:19.081016 L2 Cache Size:                   0 KB
00:00:19.081017 APM Features:                    TscInvariant
00:00:19.081019 Host Invariant-TSC support:      true 
00:00:19.081021 Physical Address Width:          39 bits
00:00:19.081022 Virtual Address Width:           48 bits
00:00:19.081023 Guest Physical Address Width:    0 bits
00:00:19.081024 Physical Core Count:             0
00:00:19.081026 
00:00:19.081027 ******************** End of CPUID dump **********************
00:00:19.117558 VMEmt: Halt method global1 (5)
00:00:19.117637 VMEmt: HaltedGlobal1 config: cNsSpinBlockThresholdCfg=50000
00:00:19.117679 Changing the VM state from 'CREATING' to 'CREATED'
00:00:19.162483 Changing the VM state from 'CREATED' to 'POWERING_ON'
00:00:19.162647 Changing the VM state from 'POWERING_ON' to 'RUNNING'
00:00:19.162676 Console: Machine state changed to 'Running'
00:00:19.184752 VMMDev: Guest Log: BIOS: VirtualBox 5.0.6
00:00:19.187118 PIT: mode=2 count=0x10000 (65536) - 18.20 Hz (ch=0)
00:00:19.209219 Display::handleDisplayResize: uScreenId=0 pvVRAM=0000000000000000 w=720 h=400 bpp=0 cbLine=0x0 flags=0x1
00:00:19.209381 GUI: UIFrameBufferPrivate::NotifyChange: Screen=0, Origin=0x0, Size=720x400, Sending to async-handler
00:00:19.215050 PIIX3 ATA: Ctl#0: RESET, DevSel=0 AIOIf=0 CmdIf0=0x00 (-1 usec ago) CmdIf1=0x00 (-1 usec ago)
00:00:19.215162 PIIX3 ATA: Ctl#0: finished processing RESET
00:00:19.216670 VMMDev: Guest Log: BIOS: ata0-0: PCHS=81/16/63 LCHS=81/16/63
00:00:19.217425 PIIX3 ATA: Ctl#0: RESET, DevSel=1 AIOIf=0 CmdIf0=0xec (-1 usec ago) CmdIf1=0x00 (-1 usec ago)
00:00:19.218164 PIIX3 ATA: Ctl#0: finished processing RESET
00:00:19.218245 GUI: UIMachineView::sltHandleNotifyChange: Screen=0, Size=720x400
00:00:19.218262 GUI: UIFrameBufferPrivate::handleNotifyChange: Size=720x400
00:00:19.218271 GUI: UIFrameBufferPrivate::performResize: Size=720x400, Directly using source bitmap content
00:00:19.218344 PIIX3 ATA: Ctl#1: RESET, DevSel=0 AIOIf=0 CmdIf0=0x00 (-1 usec ago) CmdIf1=0x00 (-1 usec ago)
00:00:19.218400 PIIX3 ATA: Ctl#1: finished processing RESET
00:00:19.260539 PIT: mode=2 count=0x48d3 (18643) - 64.00 Hz (ch=0)
00:00:19.291830 Display::handleDisplayResize: uScreenId=0 pvVRAM=0000000004100000 w=640 h=480 bpp=32 cbLine=0xA00 flags=0x1
00:00:19.297181 GUI: UIFrameBufferPrivate::NotifyChange: Screen=0, Origin=0x0, Size=640x480, Sending to async-handler
00:00:19.298091 GUI: UIMachineView::sltHandleNotifyChange: Screen=0, Size=640x480
00:00:19.298119 GUI: UIFrameBufferPrivate::handleNotifyChange: Size=640x480
00:00:19.298292 GUI: UIFrameBufferPrivate::performResize: Size=640x480, Directly using source bitmap content
00:00:19.400926 GUI: UIMachineViewScale::resendSizeHint: Restoring guest size-hint for screen 0 to 800x600
00:00:19.400989 VMMDev: SetVideoModeHint: Got a video mode hint (800x600x32)@(0x0),(1;0) at 0
00:00:19.556604 GUI: 2D video acceleration is disabled
00:00:19.556641 GUI: HID LEDs sync is enabled
00:00:21.808934 PIT: mode=2 count=0x10000 (65536) - 18.20 Hz (ch=0)
00:00:21.809394 VMMDev: Guest Log: BIOS: Boot : bseqnr=1, bootseq=0012
00:00:21.816038 Display::handleDisplayResize: uScreenId=0 pvVRAM=0000000000000000 w=720 h=400 bpp=0 cbLine=0x0 flags=0x1
00:00:21.821726 GUI: UIFrameBufferPrivate::NotifyChange: Screen=0, Origin=0x0, Size=720x400, Sending to async-handler
00:00:21.825037 VMMDev: Guest Log: BIOS: Booting from Hard Disk...
00:00:21.825836 GUI: UIMachineView::sltHandleNotifyChange: Screen=0, Size=720x400
00:00:21.825860 GUI: UIFrameBufferPrivate::handleNotifyChange: Size=720x400
00:00:21.825897 GUI: UIFrameBufferPrivate::performResize: Size=720x400, Directly using source bitmap content
00:00:24.965473 PIT: mode=3 count=0x4dae (19886) - 60.00 Hz (ch=0)
00:04:30.113211 PIT: mode=3 count=0x10000 (65536) - 18.20 Hz (ch=0)
00:04:30.727692 PIT: mode=3 count=0x4dae (19886) - 60.00 Hz (ch=0)
00:09:06.437278 GUI: UIMachineLogic: Host-screen available-area changed
00:09:06.437601 GUI: UIMachineLogic: Host-screen count changed
00:09:06.531906 GUI: UIMachineLogic: Host-screen available-area changed
00:09:26.155160 GUI: UIMachineLogic: Host-screen available-area changed
00:09:26.155440 GUI: UIMachineLogic: Host-screen count changed
00:09:26.599011 GUI: UIMachineLogic: Host-screen available-area changed
00:09:26.637308 GUI: UIMachineLogic: Host-screen available-area changed
00:09:26.680016 GUI: UIMachineLogic: Host-screen available-area changed
01:37:33.759097 PIT: mode=3 count=0x10000 (65536) - 18.20 Hz (ch=0)
01:37:34.379718 PIT: mode=3 count=0x4dae (19886) - 60.00 Hz (ch=0)
01:53:14.173710 GUI: UIMachineLogic: Host-screen available-area changed
01:53:14.173839 GUI: UIMachineLogic: Host-screen count changed
01:53:14.260783 GUI: UIMachineLogic: Host-screen available-area changed
01:53:50.287402 Pausing VM execution, reason 'host suspend'
01:53:50.294777 Changing the VM state from 'RUNNING' to 'SUSPENDING'
01:53:50.439944 PDMR3Suspend: 145 047 292 ns run time
01:53:50.439993 Changing the VM state from 'SUSPENDING' to 'SUSPENDED'
01:53:50.440037 Console: Machine state changed to 'Paused'
02:39:32.812286 GUI: UIMachineLogic: Host-screen available-area changed
02:39:33.013048 Resuming VM execution, reason 'host resume'
02:39:35.823113 Changing the VM state from 'SUSPENDED' to 'RESUMING'
02:39:35.825701 Changing the VM state from 'RESUMING' to 'RUNNING'
02:39:35.825768 Console: Machine state changed to 'Running'
02:39:40.043537 GUI: UIMachineLogic: Host-screen available-area changed
02:40:03.433966 PIT: mode=3 count=0x10000 (65536) - 18.20 Hz (ch=0)
02:40:05.876718 Changing the VM state from 'RUNNING' to 'SUSPENDING'
02:40:05.972830 PDMR3Suspend: 96 048 340 ns run time
02:40:05.972870 Changing the VM state from 'SUSPENDING' to 'SUSPENDED'
02:40:05.972908 Console: Machine state changed to 'Paused'
02:40:09.414331 Console: Machine state changed to 'Stopping'
02:40:09.415026 Console::powerDown(): A request to power off the VM has been issued (mMachineState=Stopping, InUninit=0)
02:40:09.415073 Display::handleDisplayResize: uScreenId=0 pvVRAM=0000000000000000 w=720 h=400 bpp=32 cbLine=0x0 flags=0x1
02:40:09.415159 GUI: UIFrameBufferPrivate::NotifyChange: Screen=0, Origin=0x0, Size=720x400, Sending to async-handler
02:40:09.419513 Changing the VM state from 'SUSPENDED' to 'POWERING_OFF'
02:40:09.419588 ****************** Guest state at power off ******************
02:40:09.419712 Guest CPUM (VCPU 0) state: 
02:40:09.419879 eax=0000005a ebx=00000022 ecx=00000005 edx=0000646e esi=00005c6c edi=00000000
02:40:09.419888 eip=0000e858 esp=000091bc ebp=000091e2 iopl=1         nv up ei pl nz na po nc
02:40:09.419896 cs={f000 base=00000000000f0000 limit=0000ffff flags=0000009b} dr0=00000000 dr1=00000000
02:40:09.419910 ds={0040 base=0000000000000400 limit=0000ffff flags=00000093} dr2=00000000 dr3=00000000
02:40:09.419918 es={96a0 base=0000000000096a00 limit=0000ffff flags=00000093} dr4=00000000 dr5=00000000
02:40:09.419926 fs={0028 base=0000000000096a00 limit=0000ffff flags=00000093} dr6=ffff0ff0 dr7=00000400
02:40:09.419935 gs={0028 base=0000000000096a00 limit=0000ffff flags=00000093} cr0=00000010 cr2=00000000
02:40:09.419942 ss={96a0 base=0000000000096a00 limit=0000ffff flags=00000093} cr3=00000000 cr4=00000000
02:40:09.419949 gdtr=0000000000011968:01ff  idtr=0000000000000000:03ff  eflags=00001246
02:40:09.419956 ldtr={00b0 base=00012290 limit=0000000f flags=00004082}
02:40:09.419961 tr  ={0040 base=000118c0 limit=00000067 flags=0000408b}
02:40:09.419966 SysEnter={cs=0000 eip=00000000 esp=00000000}
02:40:09.419971 xcr=0000000000000001 xcr1=0000000000000000 xss=0000000000000000 (fXStateMask=0000000000000000)
02:40:09.419979 FCW=037f FSW=0000 FTW=0000 FOP=0000 MXCSR=00001f80 MXCSR_MASK=0000ffff
02:40:09.419985 FPUIP=00000000 CS=0000 Rsrvd1=0000  FPUDP=00000000 DS=0000 Rsvrd2=0000
02:40:09.419992 ST(0)=FPR0={0000'00000000'00000000} t0 +0.0000000000000000000000 ^ 0 (*)
02:40:09.420003 ST(1)=FPR1={0000'00000000'00000000} t0 +0.0000000000000000000000 ^ 0 (*)
02:40:09.420012 ST(2)=FPR2={0000'00000000'00000000} t0 +0.0000000000000000000000 ^ 0 (*)
02:40:09.420019 ST(3)=FPR3={0000'00000000'00000000} t0 +0.0000000000000000000000 ^ 0 (*)
02:40:09.420026 ST(4)=FPR4={0000'00000000'00000000} t0 +0.0000000000000000000000 ^ 0 (*)
02:40:09.420033 ST(5)=FPR5={0000'00000000'00000000} t0 +0.0000000000000000000000 ^ 0 (*)
02:40:09.420041 ST(6)=FPR6={0000'00000000'00000000} t0 +0.0000000000000000000000 ^ 0 (*)
02:40:09.420048 ST(7)=FPR7={0000'00000000'00000000} t0 +0.0000000000000000000000 ^ 0 (*)
02:40:09.420055 XMM0 =00000000'00000000'00000000'00000000  XMM1 =00000000'00000000'00000000'00000000
02:40:09.420066 XMM2 =00000000'00000000'00000000'00000000  XMM3 =00000000'00000000'00000000'00000000
02:40:09.420077 XMM4 =00000000'00000000'00000000'00000000  XMM5 =00000000'00000000'00000000'00000000
02:40:09.420088 XMM6 =00000000'00000000'00000000'00000000  XMM7 =00000000'00000000'00000000'00000000
02:40:09.420097 XMM8 =00000000'00000000'00000000'00000000  XMM9 =00000000'00000000'00000000'00000000
02:40:09.420106 XMM10=00000000'00000000'00000000'00000000  XMM11=00000000'00000000'00000000'00000000
02:40:09.420113 XMM12=00000000'00000000'00000000'00000000  XMM13=00000000'00000000'00000000'00000000
02:40:09.420118 XMM14=00000000'00000000'00000000'00000000  XMM15=00000000'00000000'00000000'00000000
02:40:09.420124 EFER         =0000000000000000
02:40:09.420127 PAT          =0007040600070406
02:40:09.420130 STAR         =0000000000000000
02:40:09.420131 CSTAR        =0000000000000000
02:40:09.420133 LSTAR        =0000000000000000
02:40:09.420134 SFMASK       =0000000000000000
02:40:09.420135 KERNELGSBASE =0000000000000000
02:40:09.420138 ***
02:40:09.420146 Guest paging mode:  Real (changed 5516 times), A20 disabled (changed 1839 times)
02:40:09.420212 Shadow paging mode: EPT
02:40:09.420214 Host paging mode:   AMD64+G+NX
02:40:09.420216 ***
02:40:09.420221 Active Timers (pVM=00000000068c0000)
02:40:09.420224 pTimerR3         offNext  offPrev  offSched Clock               Time             Expire HzHint State                     Description
02:40:09.420236 0000000006c9e970 00008810 00000000 00000000 Real            31457159           31453620      0 2-ACTIVE                  VGA Refresh Timer
02:40:09.420249 0000000006ca7180 ffffff80 ffff77f0 00000000 Real            31457159           31453622      0 2-ACTIVE                  EMT Yielder
02:40:09.420259 0000000006ca7100 00000000 00000080 00000000 Real            31457159           31453629      0 2-ACTIVE                  CPU Load Timer
02:40:09.420269 0000000006ca31a0 fffffae0 00000000 00000000 Virt       6841426475421      6841333357845      0 2-ACTIVE                  DevIchAc97
02:40:09.420278 0000000006ca2c80 00000000 00000520 00000000 Virt       6841426475421      6842198795737      0 2-ACTIVE                  PCNet Restore Timer
02:40:09.420287 0000000006c8d1e0 000005e0 00000000 00000000 VrSy       6841328903249      6841331277469     18 2-ACTIVE                  i8254 Programmable Interval Timer
02:40:09.420297 0000000006c8d7c0 00018f80 fffffa20 00000000 VrSy       6841328903249      6841990000000      0 2-ACTIVE                  MC146818 RTC/CMOS - Second
02:40:09.420306 0000000006ca6740 00000000 fffe7080 00000000 VrSy       6841328903249      7199184191292      0 2-ACTIVE                  ACPI PM Timer
02:40:09.420319 ***
02:40:09.420325 ***
02:40:09.420327 ************** End of Guest state at power off ***************
02:40:09.422911 GUI: UIMachineView::sltHandleNotifyChange: Screen=0, Size=720x400
02:40:09.422980 GUI: UIFrameBufferPrivate::handleNotifyChange: Size=720x400
02:40:09.423362 GUI: UIFrameBufferPrivate::performResize: Size=720x400, Using fallback buffer since no source bitmap is provided
02:40:09.424743 ERROR [COM]: aRC=E_ACCESSDENIED (0x80070005) aIID={872da645-4a9b-1727-bee2-5585105b9eed} aComponent={ConsoleWrap} aText={The virtual machine is being powered down}, preserve=false aResultDetail=0
02:40:09.485786 PDMR3PowerOff: 65 419 978 ns run time
02:40:09.485966 Changing the VM state from 'POWERING_OFF' to 'OFF'
02:40:09.490631 Changing the VM state from 'OFF' to 'DESTROYING'
02:40:09.490765 ************************* Statistics *************************
02:40:09.491086 /CPUM/MSR-Totals/Reads                  0 times
02:40:09.491117 /CPUM/MSR-Totals/ReadsRaisingGP         0 times
02:40:09.491147 /CPUM/MSR-Totals/ReadsUnknown           0 times
02:40:09.491161 /CPUM/MSR-Totals/Writes                 0 times
02:40:09.491176 /CPUM/MSR-Totals/WritesRaisingGP        0 times
02:40:09.491191 /CPUM/MSR-Totals/WritesToIgnoredBits        0 times
02:40:09.491207 /CPUM/MSR-Totals/WritesUnknown          0 times
02:40:09.491221 /Devices/IDE0/ATA0/Unit0/AtapiDMA        0 times
02:40:09.491236 /Devices/IDE0/ATA0/Unit0/AtapiPIO        0 times
02:40:09.491251 /Devices/IDE0/ATA0/Unit0/DMA            0 times
02:40:09.491267 /Devices/IDE0/ATA0/Unit0/PIO          977 times
02:40:09.491282 /Devices/IDE0/ATA0/Unit0/ReadBytes  1867776 bytes
02:40:09.491297 /Devices/IDE0/ATA0/Unit0/WrittenBytes   568320 bytes
02:40:09.491365 /Devices/IDE0/ATA0/Unit1/AtapiDMA        0 times
02:40:09.491380 /Devices/IDE0/ATA0/Unit1/AtapiPIO        0 times
02:40:09.491396 /Devices/IDE0/ATA0/Unit1/DMA            0 times
02:40:09.491410 /Devices/IDE0/ATA0/Unit1/PIO            0 times
02:40:09.491426 /Devices/IDE0/ATA0/Unit1/ReadBytes        0 bytes
02:40:09.491439 /Devices/IDE0/ATA0/Unit1/WrittenBytes        0 bytes
02:40:09.491454 /Devices/IDE0/ATA1/Unit0/AtapiDMA        0 times
02:40:09.491468 /Devices/IDE0/ATA1/Unit0/AtapiPIO        0 times
02:40:09.491480 /Devices/IDE0/ATA1/Unit0/DMA            0 times
02:40:09.491492 /Devices/IDE0/ATA1/Unit0/PIO            0 times
02:40:09.491507 /Devices/IDE0/ATA1/Unit0/ReadBytes        0 bytes
02:40:09.491523 /Devices/IDE0/ATA1/Unit0/WrittenBytes        0 bytes
02:40:09.491536 /Devices/IDE0/ATA1/Unit1/AtapiDMA        0 times
02:40:09.491549 /Devices/IDE0/ATA1/Unit1/AtapiPIO        0 times
02:40:09.491565 /Devices/IDE0/ATA1/Unit1/DMA            0 times
02:40:09.491579 /Devices/IDE0/ATA1/Unit1/PIO            0 times
02:40:09.491593 /Devices/IDE0/ATA1/Unit1/ReadBytes        0 bytes
02:40:09.491606 /Devices/IDE0/ATA1/Unit1/WrittenBytes        0 bytes
02:40:09.491621 /Devices/PCNet0/ReceiveBytes            0 bytes
02:40:09.491638 /Devices/PCNet0/TransmitBytes           0 bytes
02:40:09.491655 /Devices/VMMDev/BalloonChunks           0 count
02:40:09.491668 /FT/Checkpoint/Network                  0 times
02:40:09.491678 /FT/Checkpoint/Storage                  0 times
02:40:09.491688 /FT/Received/Mem                        0 bytes
02:40:09.491699 /FT/Received/State                      0 bytes
02:40:09.491709 /FT/Sent/Mem                            0 bytes
02:40:09.491741 /FT/Sent/State                          0 bytes
02:40:09.491772 /FT/Sync/DeltaMem                       0 times
02:40:09.491782 /FT/Sync/DeltaVM                        0 times
02:40:09.491792 /FT/Sync/Full                           0 times
02:40:09.491824 /GMM/VM/Allocated/cBasePages         2593 pages
02:40:09.491838 /GMM/VM/Allocated/cFixedPages           0 pages
02:40:09.491848 /GMM/VM/Allocated/cShadowPages          0 pages
02:40:09.491858 /GMM/VM/Reserved/cBasePages         16542 pages
02:40:09.491868 /GMM/VM/Reserved/cFixedPages         3332 pages
02:40:09.491878 /GMM/VM/Reserved/cShadowPages           1 pages
02:40:09.491891 /GMM/VM/cBalloonedPages                 0 pages
02:40:09.491900 /GMM/VM/cMaxBalloonedPages              0 pages
02:40:09.491909 /GMM/VM/cPrivatePages                2593 pages
02:40:09.491919 /GMM/VM/cReqActuallyBalloonedPages        0 pages
02:40:09.491927 /GMM/VM/cReqBalloonedPages              0 pages
02:40:09.491936 /GMM/VM/cReqDeflatePages                0 pages
02:40:09.491946 /GMM/VM/cShareableModules               0 count
02:40:09.491955 /GMM/VM/cSharedPages                    0 pages
02:40:09.491965 /GMM/VM/enmPolicy                       1 
02:40:09.491975 /GMM/VM/enmPriority                     2 
02:40:09.491984 /GMM/VM/fBallooningEnabled       false    
02:40:09.491993 /GMM/VM/fMayAllocate             true     
02:40:09.492002 /GMM/VM/fSharedPagingEnabled     false    
02:40:09.492012 /GMM/cAllocatedPages                 2593 pages
02:40:09.492022 /GMM/cBalloonedPages                    0 pages
02:40:09.492031 /GMM/cChunks                            6 count
02:40:09.492041 /GMM/cDuplicatePages                    0 pages
02:40:09.492050 /GMM/cFreedChunks                       0 count
02:40:09.492060 /GMM/cLeftBehindSharedPages             0 pages
02:40:09.492069 /GMM/cMaxPages                   4294967295 pages
02:40:09.492080 /GMM/cOverCommittedPages                0 pages
02:40:09.492089 /GMM/cReservedPages                 19875 pages
02:40:09.492099 /GMM/cShareableModules                  0 count
02:40:09.492108 /GMM/cSharedPages                       0 pages
02:40:09.492117 /GVMM/EMTs                              1 calls
02:40:09.492127 /GVMM/HostCPUs                          4 calls
02:40:09.492138 /GVMM/HostCpus/0                        0 
02:40:09.492147 /GVMM/HostCpus/0/CurTimerHz             0 Hz
02:40:09.492156 /GVMM/HostCpus/0/DesiredHz              0 Hz
02:40:09.492165 /GVMM/HostCpus/0/PPTChanges             0 times
02:40:09.492174 /GVMM/HostCpus/0/PPTStarts              0 times
02:40:09.492183 /GVMM/HostCpus/0/idxCpuSet              0 
02:40:09.492191 /GVMM/HostCpus/1                        1 
02:40:09.492201 /GVMM/HostCpus/1/CurTimerHz             0 Hz
02:40:09.492210 /GVMM/HostCpus/1/DesiredHz              0 Hz
02:40:09.492218 /GVMM/HostCpus/1/PPTChanges             0 times
02:40:09.492227 /GVMM/HostCpus/1/PPTStarts              0 times
02:40:09.492236 /GVMM/HostCpus/1/idxCpuSet              1 
02:40:09.492245 /GVMM/HostCpus/2                        2 
02:40:09.492259 /GVMM/HostCpus/2/CurTimerHz             0 Hz
02:40:09.492267 /GVMM/HostCpus/2/DesiredHz              0 Hz
02:40:09.492275 /GVMM/HostCpus/2/PPTChanges             0 times
02:40:09.492284 /GVMM/HostCpus/2/PPTStarts              0 times
02:40:09.492292 /GVMM/HostCpus/2/idxCpuSet              2 
02:40:09.492324 /GVMM/HostCpus/3                        3 
02:40:09.492338 /GVMM/HostCpus/3/CurTimerHz             0 Hz
02:40:09.492350 /GVMM/HostCpus/3/DesiredHz              0 Hz
02:40:09.492362 /GVMM/HostCpus/3/PPTChanges             0 times
02:40:09.492370 /GVMM/HostCpus/3/PPTStarts              0 times
02:40:09.492379 /GVMM/HostCpus/3/idxCpuSet              3 
02:40:09.492387 /GVMM/Sum/HaltBlocking                700 calls
02:40:09.492397 /GVMM/Sum/HaltCalls                  4042 calls
02:40:09.492406 /GVMM/Sum/HaltNotBlocking            3342 calls
02:40:09.492415 /GVMM/Sum/HaltTimeouts                527 calls
02:40:09.492428 /GVMM/Sum/HaltWakeUps                   0 calls
02:40:09.492454 /GVMM/Sum/PokeCalls                160136 calls
02:40:09.492469 /GVMM/Sum/PokeNotBusy                  70 calls
02:40:09.492479 /GVMM/Sum/PollCalls                     3 calls
02:40:09.492488 /GVMM/Sum/PollHalts                     0 calls
02:40:09.492497 /GVMM/Sum/PollWakeUps                   0 calls
02:40:09.492505 /GVMM/Sum/WakeUpCalls                 200 calls
02:40:09.492514 /GVMM/Sum/WakeUpNotHalted             165 calls
02:40:09.492523 /GVMM/Sum/WakeUpWakeUps                 0 calls
02:40:09.492533 /GVMM/VM/HaltBlocking                 700 calls
02:40:09.492542 /GVMM/VM/HaltCalls                   4042 calls
02:40:09.492551 /GVMM/VM/HaltNotBlocking             3342 calls
02:40:09.492560 /GVMM/VM/HaltTimeouts                 527 calls
02:40:09.492570 /GVMM/VM/HaltWakeUps                    0 calls
02:40:09.492579 /GVMM/VM/PokeCalls                 160136 calls
02:40:09.492589 /GVMM/VM/PokeNotBusy                   70 calls
02:40:09.492598 /GVMM/VM/PollCalls                      3 calls
02:40:09.492608 /GVMM/VM/PollHalts                      0 calls
02:40:09.492617 /GVMM/VM/PollWakeUps                    0 calls
02:40:09.492626 /GVMM/VM/WakeUpCalls                  200 calls
02:40:09.492635 /GVMM/VM/WakeUpNotHalted              165 calls
02:40:09.492645 /GVMM/VM/WakeUpWakeUps                  0 calls
02:40:09.492654 /GVMM/VMs                               1 calls
02:40:09.492664 /HM/CPU0/Exit/HostNmiInGC               0 times
02:40:09.492673 /IEM/CPU0/cInstructions             35481 count
02:40:09.492683 /IEM/CPU0/cPendingCommit                0 bytes
02:40:09.492693 /IEM/CPU0/cPotentialExits        25510356 count
02:40:09.492702 /IEM/CPU0/cRetAspectNotImplemented        0 count
02:40:09.492710 /IEM/CPU0/cRetErrStatuses               0 count
02:40:09.492719 /IEM/CPU0/cRetInfStatuses               6 count
02:40:09.492728 /IEM/CPU0/cRetInstrNotImplemented        0 count
02:40:09.492736 /IEM/CPU0/cbWritten              26426382 bytes
02:40:09.492747 /MM/HyperHeap/cbFree               859648 bytes
02:40:09.492756 /MM/HyperHeap/cbHeap              1048256 bytes
02:40:09.492765 /PDM/BlkCache/cbCached                  0 bytes
02:40:09.492774 /PDM/BlkCache/cbCachedFru               0 bytes
02:40:09.492783 /PDM/BlkCache/cbCachedMruIn             0 bytes
02:40:09.492795 /PDM/BlkCache/cbCachedMruOut            0 bytes
02:40:09.492833 /PDM/BlkCache/cbMax               5242880 bytes
02:40:09.492849 /PDM/CritSects/8237A#0Auto/ContentionR3        0 times
02:40:09.492864 /PDM/CritSects/8237A#0Auto/ContentionRZLock        0 times
02:40:09.492879 /PDM/CritSects/8237A#0Auto/ContentionRZUnlock        0 times
02:40:09.492893 /PDM/CritSects/ATA#0-Ctl/ContentionR3        0 times
02:40:09.492901 /PDM/CritSects/ATA#0-Ctl/ContentionRZLock        2 times
02:40:09.492910 /PDM/CritSects/ATA#0-Ctl/ContentionRZUnlock        0 times
02:40:09.492919 /PDM/CritSects/ATA#0-Req/ContentionR3        0 times
02:40:09.492927 /PDM/CritSects/ATA#0-Req/ContentionRZLock        0 times
02:40:09.492935 /PDM/CritSects/ATA#0-Req/ContentionRZUnlock        0 times
02:40:09.492944 /PDM/CritSects/ATA#1-Ctl/ContentionR3        0 times
02:40:09.492952 /PDM/CritSects/ATA#1-Ctl/ContentionRZLock        0 times
02:40:09.492960 /PDM/CritSects/ATA#1-Ctl/ContentionRZUnlock        0 times
02:40:09.492969 /PDM/CritSects/ATA#1-Req/ContentionR3        0 times
02:40:09.492977 /PDM/CritSects/ATA#1-Req/ContentionRZLock        0 times
02:40:09.492985 /PDM/CritSects/ATA#1-Req/ContentionRZUnlock        0 times
02:40:09.492994 /PDM/CritSects/EM-REM/ContentionR3        0 times
02:40:09.493002 /PDM/CritSects/EM-REM/ContentionRZLock        0 times
02:40:09.493011 /PDM/CritSects/EM-REM/ContentionRZUnlock        0 times
02:40:09.493020 /PDM/CritSects/FTM/ContentionR3         0 times
02:40:09.493029 /PDM/CritSects/FTM/ContentionRZLock        0 times
02:40:09.493037 /PDM/CritSects/FTM/ContentionRZUnlock        0 times
02:40:09.493046 /PDM/CritSects/MM-HYPER/ContentionR3        0 times
02:40:09.493058 /PDM/CritSects/MM-HYPER/ContentionRZLock        0 times
02:40:09.493069 /PDM/CritSects/MM-HYPER/ContentionRZUnlock        0 times
02:40:09.493077 /PDM/CritSects/NOP/ContentionR3         0 times
02:40:09.493086 /PDM/CritSects/NOP/ContentionRZLock        0 times
02:40:09.493094 /PDM/CritSects/NOP/ContentionRZUnlock        0 times
02:40:09.493102 /PDM/CritSects/OHCI#0Irq/ContentionR3        0 times
02:40:09.493111 /PDM/CritSects/OHCI#0Irq/ContentionRZLock        0 times
02:40:09.493119 /PDM/CritSects/OHCI#0Irq/ContentionRZUnlock        0 times
02:40:09.493128 /PDM/CritSects/PCNet#0/ContentionR3        0 times
02:40:09.493136 /PDM/CritSects/PCNet#0/ContentionRZLock        0 times
02:40:09.493144 /PDM/CritSects/PCNet#0/ContentionRZUnlock        0 times
02:40:09.493153 /PDM/CritSects/PDM/ContentionR3         0 times
02:40:09.493161 /PDM/CritSects/PDM/ContentionRZLock        0 times
02:40:09.493169 /PDM/CritSects/PDM/ContentionRZUnlock        0 times
02:40:09.493178 /PDM/CritSects/PGM/ContentionR3         0 times
02:40:09.493186 /PDM/CritSects/PGM/ContentionRZLock        0 times
02:40:09.493195 /PDM/CritSects/PGM/ContentionRZUnlock        0 times
02:40:09.493203 /PDM/CritSects/REM-Register/ContentionR3        0 times
02:40:09.493212 /PDM/CritSects/REM-Register/ContentionRZLock        0 times
02:40:09.493220 /PDM/CritSects/REM-Register/ContentionRZUnlock        0 times
02:40:09.493229 /PDM/CritSects/TM Timer Lock/ContentionR3        0 times
02:40:09.493238 /PDM/CritSects/TM Timer Lock/ContentionRZLock        0 times
02:40:09.493246 /PDM/CritSects/TM Timer Lock/ContentionRZUnlock        0 times
02:40:09.493255 /PDM/CritSects/TM VirtualSync Lock/ContentionR3        0 times
02:40:09.493263 /PDM/CritSects/TM VirtualSync Lock/ContentionRZLock        0 times
02:40:09.493272 /PDM/CritSects/TM VirtualSync Lock/ContentionRZUnlock        0 times
02:40:09.493280 /PDM/CritSects/VGA#0/ContentionR3        0 times
02:40:09.493289 /PDM/CritSects/VGA#0/ContentionRZLock        0 times
02:40:09.493297 /PDM/CritSects/VGA#0/ContentionRZUnlock        0 times
02:40:09.493305 /PDM/CritSects/VMMDev#0/ContentionR3        0 times
02:40:09.493314 /PDM/CritSects/VMMDev#0/ContentionRZLock        0 times
02:40:09.493322 /PDM/CritSects/VMMDev#0/ContentionRZUnlock        0 times
02:40:09.493330 /PDM/CritSects/acpi#0/ContentionR3        0 times
02:40:09.493339 /PDM/CritSects/acpi#0/ContentionRZLock        0 times
02:40:09.493347 /PDM/CritSects/acpi#0/ContentionRZUnlock        0 times
02:40:09.493356 /PDM/CritSects/i82078#0Auto/ContentionR3        0 times
02:40:09.493364 /PDM/CritSects/i82078#0Auto/ContentionRZLock        0 times
02:40:09.493373 /PDM/CritSects/i82078#0Auto/ContentionRZUnlock        0 times
02:40:09.493381 /PDM/CritSects/ichac97#0Auto/ContentionR3        0 times
02:40:09.493389 /PDM/CritSects/ichac97#0Auto/ContentionRZLock        0 times
02:40:09.493397 /PDM/CritSects/ichac97#0Auto/ContentionRZUnlock        0 times
02:40:09.493406 /PDM/CritSects/mc146818#0Auto/ContentionR3        0 times
02:40:09.493414 /PDM/CritSects/mc146818#0Auto/ContentionRZLock        0 times
02:40:09.493422 /PDM/CritSects/mc146818#0Auto/ContentionRZUnlock        0 times
02:40:09.493431 /PDM/CritSects/pcarch#0Auto/ContentionR3        0 times
02:40:09.493439 /PDM/CritSects/pcarch#0Auto/ContentionRZLock        0 times
02:40:09.493447 /PDM/CritSects/pcarch#0Auto/ContentionRZUnlock        0 times
02:40:09.493455 /PDM/CritSects/pcbios#0Auto/ContentionR3        0 times
02:40:09.493464 /PDM/CritSects/pcbios#0Auto/ContentionRZLock        0 times
02:40:09.493472 /PDM/CritSects/pcbios#0Auto/ContentionRZUnlock        0 times
02:40:09.493480 /PDM/CritSects/pckbd#0Auto/ContentionR3        0 times
02:40:09.493488 /PDM/CritSects/pckbd#0Auto/ContentionRZLock        0 times
02:40:09.493497 /PDM/CritSects/pckbd#0Auto/ContentionRZUnlock        0 times
02:40:09.493505 /PDM/CritSects/pit#0/ContentionR3        0 times
02:40:09.493513 /PDM/CritSects/pit#0/ContentionRZLock        0 times
02:40:09.493525 /PDM/CritSects/pit#0/ContentionRZUnlock        0 times
02:40:09.493535 /PDM/CritSects/usb-ohci#0Auto/ContentionR3        0 times
02:40:09.493543 /PDM/CritSects/usb-ohci#0Auto/ContentionRZLock        0 times
02:40:09.493552 /PDM/CritSects/usb-ohci#0Auto/ContentionRZUnlock        0 times
02:40:09.493560 /PDM/CritSectsRw/IOM Lock/ContentionR3EnterExcl        0 times
02:40:09.493568 /PDM/CritSectsRw/IOM Lock/ContentionR3EnterShared        0 times
02:40:09.493577 /PDM/CritSectsRw/IOM Lock/ContentionRZEnterExcl        0 times
02:40:09.493585 /PDM/CritSectsRw/IOM Lock/ContentionRZEnterShared        0 times
02:40:09.493593 /PDM/CritSectsRw/IOM Lock/ContentionRZLeaveExcl        0 times
02:40:09.493602 /PDM/CritSectsRw/IOM Lock/ContentionRZLeaveShared        0 times
02:40:09.493610 /PDM/CritSectsRw/IOM Lock/R3EnterExcl      197 times
02:40:09.493618 /PDM/CritSectsRw/IOM Lock/R3EnterShared    75378 times
02:40:09.493628 /PDM/CritSectsRw/IOM Lock/RZEnterExcl        0 times
02:40:09.493636 /PDM/CritSectsRw/IOM Lock/RZEnterShared 28131632 times
02:40:09.493645 /PDM/Queue/DevHlp/AllocFailures         0 times
02:40:09.493654 /PDM/Queue/DevHlp/Flush                 0 calls
02:40:09.493662 /PDM/Queue/DevHlp/FlushLeftovers        0 times
02:40:09.493671 /PDM/Queue/DevHlp/Insert                0 calls
02:40:09.493680 /PDM/Queue/DevHlp/cItems                8 count
02:40:09.493688 /PDM/Queue/DevHlp/cbItem               56 bytes
02:40:09.493698 /PDM/Queue/Keyboard/AllocFailures        0 times
02:40:09.493706 /PDM/Queue/Keyboard/Flush               0 calls
02:40:09.493715 /PDM/Queue/Keyboard/FlushLeftovers        0 times
02:40:09.493723 /PDM/Queue/Keyboard/Insert           6027 calls
02:40:09.493732 /PDM/Queue/Keyboard/cItems             64 count
02:40:09.493741 /PDM/Queue/Keyboard/cbItem             32 bytes
02:40:09.493749 /PDM/Queue/Mouse/AllocFailures          0 times
02:40:09.493758 /PDM/Queue/Mouse/Flush                  0 calls
02:40:09.493766 /PDM/Queue/Mouse/FlushLeftovers         0 times
02:40:09.493775 /PDM/Queue/Mouse/Insert                 0 calls
02:40:09.493802 /PDM/Queue/Mouse/cItems               128 count
02:40:09.493811 /PDM/Queue/Mouse/cbItem                48 bytes
02:40:09.493820 /PDM/Queue/PCNet-Rcv/AllocFailures        0 times
02:40:09.493829 /PDM/Queue/PCNet-Rcv/Flush              0 calls
02:40:09.493838 /PDM/Queue/PCNet-Rcv/FlushLeftovers        0 times
02:40:09.493846 /PDM/Queue/PCNet-Rcv/Insert             0 calls
02:40:09.493855 /PDM/Queue/PCNet-Rcv/cItems             1 count
02:40:09.493863 /PDM/Queue/PCNet-Rcv/cbItem            24 bytes
02:40:09.493872 /PDM/Queue/PCNet-Xmit/AllocFailures        0 times
02:40:09.493880 /PDM/Queue/PCNet-Xmit/Flush             0 calls
02:40:09.493889 /PDM/Queue/PCNet-Xmit/FlushLeftovers        0 times
02:40:09.493897 /PDM/Queue/PCNet-Xmit/Insert            0 calls
02:40:09.493905 /PDM/Queue/PCNet-Xmit/cItems            1 count
02:40:09.493914 /PDM/Queue/PCNet-Xmit/cbItem           24 bytes
02:40:09.493922 /PGM/CPU0/cA20Changes                1839 times
02:40:09.493932 /PGM/CPU0/cGuestModeChanges          5516 times
02:40:09.493941 /PGM/ChunkR3Map/Mapped                  6 count
02:40:09.493949 /PGM/ChunkR3Map/Unmapped                0 count
02:40:09.493958 /PGM/ChunkR3Map/c                       6 count
02:40:09.493967 /PGM/ChunkR3Map/cMax             4294967295 count
02:40:09.493977 /PGM/LargePage/Recheck                  0 times
02:40:09.493986 /PGM/LargePage/Refused                  1 times
02:40:09.493994 /PGM/LargePage/Reused                   0 times
02:40:09.494005 /PGM/Page/cAllPages                 19750 count
02:40:09.494014 /PGM/Page/cBalloonedPages               0 count
02:40:09.494023 /PGM/Page/cHandyPages                  33 count
02:40:09.494032 /PGM/Page/cLargePages                   4 count
02:40:09.494040 /PGM/Page/cLargePagesDisabled           0 count
02:40:09.494049 /PGM/Page/cMonitoredPages               0 count
02:40:09.494057 /PGM/Page/cPrivatePages              5892 count
02:40:09.494066 /PGM/Page/cPureMmioPages                4 count
02:40:09.494077 /PGM/Page/cReadLockedPages              0 count
02:40:09.494088 /PGM/Page/cReusedSharedPages            0 count
02:40:09.494097 /PGM/Page/cSharedPages                  0 count
02:40:09.494105 /PGM/Page/cWriteLockedPages             0 count
02:40:09.494114 /PGM/Page/cWrittenToPages               0 count
02:40:09.494123 /PGM/Page/cZeroPages                13854 count
02:40:09.494132 /PGM/ShMod/Check                        0 ticks/call (           0 ticks,       0 times, max         0, min      -1)
02:40:09.494145 /PGM/cRelocations                       0 times
02:40:09.494155 /PROF/CPU0/EM/Capped                    0 ticks/call (           0 ticks,       0 times, max         0, min      -1)
02:40:09.494167 /PROF/CPU0/EM/ForcedActions       2206192 times
02:40:09.494176 /PROF/CPU0/EM/Halted                  274 times
02:40:09.494186 /PROF/CPU0/EM/RAWTotal                  0 times
02:40:09.494194 /PROF/CPU0/EM/REMTotal                  6 times
02:40:09.494203 /PROF/CPU0/EM/Total              7508175784086 ticks/call (15016351568172 ticks,       2 times, max 14950181980864, min 66169587308)
02:40:09.494221 /PROF/CPU0/VM/Halt/Block           553166 ns/call (  2224837591 ticks,    4022 times, max  24890002, min    3765)
02:40:09.494236 /PROF/CPU0/VM/Halt/BlockInsomnia        0 ns/call (           0 ticks,       0 times, max         0, min      -1)
02:40:09.494247 /PROF/CPU0/VM/Halt/BlockOnTime          0 ns/call (           0 ticks,       0 times, max         0, min      -1)
02:40:09.494257 /PROF/CPU0/VM/Halt/BlockOverslept        0 ns/call (           0 ticks,       0 times, max         0, min      -1)
02:40:09.494268 /PROF/CPU0/VM/Halt/Timers            7826 ns/call (   153470338 ticks,   19608 times, max  31659220, min       2)
02:40:09.494281 /PROF/CPU0/VM/Halt/Yield            12402 ns/call (       37206 ticks,       3 times, max     17753, min    8333)
02:40:09.494293 /Public/Net/PCNet0/BytesReceived        0 bytes
02:40:09.494302 /Public/Net/PCNet0/BytesTransmitted        0 bytes
02:40:09.494311 /REM/TbFlushCount                       0 times
02:40:09.494321 /REM/TbPhysInvldCount                   0 times
02:40:09.494330 /REM/TlbFlushCount                      7 times
02:40:09.494339 /SELM/LoadHidSel/GstReadErrors          0 times
02:40:09.494349 /SELM/LoadHidSel/NoGoodGuest            0 times
02:40:09.494358 /TM/CPU/00/cNsExecuting          6471821422796 ns
02:40:09.494369 /TM/CPU/00/cNsHalted             2383853462 ns
02:40:09.494378 /TM/CPU/00/cNsOther              367221213597 ns
02:40:09.494388 /TM/CPU/00/cNsTotal              6841426489855 ns
02:40:09.494398 /TM/CPU/00/cPeriodsExecuting     16068502 count
02:40:09.494408 /TM/CPU/00/cPeriodsHalted             274 count
02:40:09.494417 /TM/CPU/00/pctExecuting                92 %
02:40:09.494426 /TM/CPU/00/pctHalted                    0 %
02:40:09.494435 /TM/CPU/00/pctOther                     7 %
02:40:09.494444 /TM/CPU/pctExecuting                   92 %
02:40:09.494453 /TM/CPU/pctHalted                       0 %
02:40:09.494462 /TM/CPU/pctOther                        7 %
02:40:09.494471 /TM/MaxHzHint                           0 Hz
02:40:09.494480 /TM/R0/1nsSteps                      6941 times
02:40:09.494490 /TM/R3/1nsSteps                    228170 times
02:40:09.494499 /TM/TSC/offCPU0                  18446744073709365267 ticks
02:40:09.494511 /TM/VirtualSync/CurrentOffset      470009 ns
02:40:09.494521 /VUSB/0/cUrbsInPool                     0 count
02:40:09.494531 ********************* End of statistics **********************
02:40:09.509234 NAT: zone(nm:mbuf_cluster, used:0)
02:40:09.510683 NAT: zone(nm:mbuf_packet, used:0)
02:40:09.510733 NAT: zone(nm:mbuf, used:0)
02:40:09.511006 NAT: zone(nm:mbuf_jumbo_pagesize, used:0)
02:40:09.512397 NAT: zone(nm:mbuf_jumbo_9k, used:0)
02:40:09.513222 NAT: zone(nm:mbuf_jumbo_16k, used:0)
02:40:09.513749 NAT: zone(nm:mbuf_ext_refcnt, used:0)
02:40:09.530363 Changing the VM state from 'DESTROYING' to 'TERMINATED'
02:40:09.588568 Console: Machine state changed to 'PoweredOff'
